<?xml version="1.0" encoding="UTF-8"?>
<robot generator="Robot 6.0 (Python 3.10.8 on win32)" generated="20230917 20:43:33.663" rpa="false" schemaversion="3">
<suite id="s1" name="Tests" source="C:\Users\user\Desktop\robot\walkdog-robot\tests">
<suite id="s1-s1" name="Cadastro" source="C:\Users\user\Desktop\robot\walkdog-robot\tests\cadastro.robot">
<test id="s1-s1-t1" name="TC00 - Voltar a home do Walkdog" line="10">
<kw name="Iniciar Sessão" library="main" type="SETUP">
<kw name="Open Browser" library="SeleniumLibrary">
<arg>${url}</arg>
<arg>${chrome}</arg>
<doc>Opens a new browser instance to the optional ``url``.</doc>
<msg timestamp="20230917 20:43:35.861" level="INFO">Opening browser 'chrome' to base url 'https://walkdog.vercel.app/'.</msg>
<status status="PASS" starttime="20230917 20:43:35.860" endtime="20230917 20:43:39.621"/>
</kw>
<kw name="Set Window Size" library="SeleniumLibrary">
<arg>1366</arg>
<arg>768</arg>
<doc>Sets current windows size to given ``width`` and ``height``.</doc>
<status status="PASS" starttime="20230917 20:43:39.622" endtime="20230917 20:43:39.757"/>
</kw>
<status status="PASS" starttime="20230917 20:43:35.859" endtime="20230917 20:43:39.757"/>
</kw>
<kw name="Voltar para home page" library="cadastro">
<kw name="Go To" library="SeleniumLibrary">
<arg>${signup}</arg>
<doc>Navigates the current browser window to the provided ``url``.</doc>
<msg timestamp="20230917 20:43:39.762" level="INFO">Opening url 'https://walkdog.vercel.app//signup'</msg>
<status status="PASS" starttime="20230917 20:43:39.760" endtime="20230917 20:43:40.267"/>
</kw>
<kw name="Wait Until Element Is Visible" library="SeleniumLibrary">
<arg>${home}</arg>
<doc>Waits until the element ``locator`` is visible.</doc>
<status status="PASS" starttime="20230917 20:43:40.268" endtime="20230917 20:43:40.341"/>
</kw>
<kw name="Click Element" library="SeleniumLibrary">
<arg>${home}</arg>
<doc>Click the element identified by ``locator``.</doc>
<msg timestamp="20230917 20:43:40.344" level="INFO">Clicking element 'css=a[href="/"]'.</msg>
<status status="PASS" starttime="20230917 20:43:40.341" endtime="20230917 20:43:40.496"/>
</kw>
<status status="PASS" starttime="20230917 20:43:39.758" endtime="20230917 20:43:40.498"/>
</kw>
<kw name="Encerrar Sessão" library="main" type="TEARDOWN">
<kw name="Close Browser" library="SeleniumLibrary">
<doc>Closes the current browser.</doc>
<status status="PASS" starttime="20230917 20:43:40.514" endtime="20230917 20:43:43.055"/>
</kw>
<status status="PASS" starttime="20230917 20:43:40.512" endtime="20230917 20:43:43.056"/>
</kw>
<tag>TC00</tag>
<status status="PASS" starttime="20230917 20:43:35.858" endtime="20230917 20:43:43.056"/>
</test>
<test id="s1-s1-t2" name="TC01 - Quero ser Dog Walker - Cuidar" line="13">
<kw name="Iniciar Sessão" library="main" type="SETUP">
<kw name="Open Browser" library="SeleniumLibrary">
<arg>${url}</arg>
<arg>${chrome}</arg>
<doc>Opens a new browser instance to the optional ``url``.</doc>
<msg timestamp="20230917 20:43:43.062" level="INFO">Opening browser 'chrome' to base url 'https://walkdog.vercel.app/'.</msg>
<status status="PASS" starttime="20230917 20:43:43.061" endtime="20230917 20:43:46.893"/>
</kw>
<kw name="Set Window Size" library="SeleniumLibrary">
<arg>1366</arg>
<arg>768</arg>
<doc>Sets current windows size to given ``width`` and ``height``.</doc>
<status status="PASS" starttime="20230917 20:43:46.893" endtime="20230917 20:43:47.046"/>
</kw>
<status status="PASS" starttime="20230917 20:43:43.061" endtime="20230917 20:43:47.047"/>
</kw>
<kw name="Clicar em quero ser um dogwlaker" library="cadastro">
<kw name="Wait Until Element Is Visible" library="SeleniumLibrary">
<arg>${button}</arg>
<doc>Waits until the element ``locator`` is visible.</doc>
<status status="PASS" starttime="20230917 20:43:47.050" endtime="20230917 20:43:47.122"/>
</kw>
<kw name="Click Element" library="SeleniumLibrary">
<arg>${button}</arg>
<doc>Click the element identified by ``locator``.</doc>
<msg timestamp="20230917 20:43:47.126" level="INFO">Clicking element 'css=a[href="/signup"]'.</msg>
<status status="PASS" starttime="20230917 20:43:47.123" endtime="20230917 20:43:47.344"/>
</kw>
<kw name="Go To" library="SeleniumLibrary">
<arg>${signup}</arg>
<doc>Navigates the current browser window to the provided ``url``.</doc>
<msg timestamp="20230917 20:43:47.347" level="INFO">Opening url 'https://walkdog.vercel.app//signup'</msg>
<status status="PASS" starttime="20230917 20:43:47.345" endtime="20230917 20:43:47.696"/>
</kw>
<kw name="Wait Until Element Is Visible" library="SeleniumLibrary">
<arg>css=img[alt="Walkdog"]</arg>
<doc>Waits until the element ``locator`` is visible.</doc>
<status status="PASS" starttime="20230917 20:43:47.698" endtime="20230917 20:43:47.779"/>
</kw>
<status status="PASS" starttime="20230917 20:43:47.049" endtime="20230917 20:43:47.780"/>
</kw>
<kw name="Valida o titulo e subtitulo do cadastro" library="cadastro">
<kw name="Page Should Contain" library="SeleniumLibrary">
<arg>text=${title}</arg>
<doc>Verifies that current page contains ``text``.</doc>
<msg timestamp="20230917 20:43:47.818" level="INFO">Current page contains text 'Walkdog by Papito'.</msg>
<status status="PASS" starttime="20230917 20:43:47.782" endtime="20230917 20:43:47.818"/>
</kw>
<kw name="Page Should Contain" library="SeleniumLibrary">
<arg>text=${phrase}</arg>
<doc>Verifies that current page contains ``text``.</doc>
<msg timestamp="20230917 20:43:47.853" level="INFO">Current page contains text 'Use nosso aplicativo para ganhar dinheiro fazendo o que ama: cuidar de pets'.</msg>
<status status="PASS" starttime="20230917 20:43:47.818" endtime="20230917 20:43:47.853"/>
</kw>
<status status="PASS" starttime="20230917 20:43:47.782" endtime="20230917 20:43:47.855"/>
</kw>
<kw name="Faz o submit do formulário para &quot;Cuidar&quot;" library="cadastro" sourcename="Faz o submit do formulário para &quot;${tipo}&quot;">
<kw name="Preencher os campos de dados do cadastro" library="cadastro">
<kw name="Preenche o &quot;name lastname&quot; completo" library="cadastro" sourcename="Preenche o ${name} ${lastname} completo">
<kw name="Wait Until Element Is Visible" library="SeleniumLibrary">
<arg>css=${input_name}</arg>
<doc>Waits until the element ``locator`` is visible.</doc>
<status status="PASS" starttime="20230917 20:43:47.860" endtime="20230917 20:43:47.903"/>
</kw>
<kw name="First Name" library="FakerLibrary">
<var>${name}</var>
<msg timestamp="20230917 20:43:47.905" level="INFO">${name} = Rafael</msg>
<status status="PASS" starttime="20230917 20:43:47.903" endtime="20230917 20:43:47.905"/>
</kw>
<kw name="Last Name" library="FakerLibrary">
<var>${lastname}</var>
<msg timestamp="20230917 20:43:47.907" level="INFO">${lastname} = Viana</msg>
<status status="PASS" starttime="20230917 20:43:47.906" endtime="20230917 20:43:47.907"/>
</kw>
<kw name="Input Text" library="SeleniumLibrary">
<arg>css=${input_name}</arg>
<arg>${name} ${lastname}</arg>
<doc>Types the given ``text`` into the text field identified by ``locator``.</doc>
<msg timestamp="20230917 20:43:47.910" level="INFO">Typing text 'Rafael Viana' into text field 'css=input[name="name"]'.</msg>
<status status="PASS" starttime="20230917 20:43:47.907" endtime="20230917 20:43:48.272"/>
</kw>
<status status="PASS" starttime="20230917 20:43:47.859" endtime="20230917 20:43:48.273"/>
</kw>
<kw name="Preenche o &quot;email&quot; correto" library="cadastro" sourcename="Preenche o ${email} correto">
<kw name="Wait Until Element Is Visible" library="SeleniumLibrary">
<arg>css=${input_email}</arg>
<doc>Waits until the element ``locator`` is visible.</doc>
<status status="PASS" starttime="20230917 20:43:48.277" endtime="20230917 20:43:48.432"/>
</kw>
<kw name="Free Email" library="FakerLibrary">
<var>${email}</var>
<msg timestamp="20230917 20:43:48.433" level="INFO">${email} = giovanna16@hotmail.com</msg>
<status status="PASS" starttime="20230917 20:43:48.433" endtime="20230917 20:43:48.433"/>
</kw>
<kw name="Input Text" library="SeleniumLibrary">
<arg>css=${input_email}</arg>
<arg>${email}</arg>
<doc>Types the given ``text`` into the text field identified by ``locator``.</doc>
<msg timestamp="20230917 20:43:48.436" level="INFO">Typing text 'giovanna16@hotmail.com' into text field 'css=input[name="email"]'.</msg>
<status status="PASS" starttime="20230917 20:43:48.433" endtime="20230917 20:43:48.815"/>
</kw>
<status status="PASS" starttime="20230917 20:43:48.275" endtime="20230917 20:43:48.816"/>
</kw>
<kw name="Preenche com o &quot;cpf&quot; válido" library="cadastro" sourcename="Preenche com o ${cpf} válido">
<kw name="Wait Until Element Is Visible" library="SeleniumLibrary">
<arg>css=${input_cpf}</arg>
<doc>Waits until the element ``locator`` is visible.</doc>
<status status="PASS" starttime="20230917 20:43:48.817" endtime="20230917 20:43:48.865"/>
</kw>
<kw name="Input Text" library="SeleniumLibrary">
<arg>css=${input_cpf}</arg>
<arg>36431207025</arg>
<doc>Types the given ``text`` into the text field identified by ``locator``.</doc>
<msg timestamp="20230917 20:43:48.866" level="INFO">Typing text '36431207025' into text field 'css=input[name="cpf"]'.</msg>
<status status="PASS" starttime="20230917 20:43:48.865" endtime="20230917 20:43:49.179"/>
</kw>
<status status="PASS" starttime="20230917 20:43:48.816" endtime="20230917 20:43:49.180"/>
</kw>
<status status="PASS" starttime="20230917 20:43:47.858" endtime="20230917 20:43:49.180"/>
</kw>
<kw name="Preencher os campos de endereço do cadastro" library="cadastro">
<kw name="Preenche o &quot;CEP&quot; válido" library="cadastro" sourcename="Preenche o ${CEP} válido">
<kw name="Wait Until Element Is Visible" library="SeleniumLibrary">
<arg>css=${input_cep}</arg>
<doc>Waits until the element ``locator`` is visible.</doc>
<status status="PASS" starttime="20230917 20:43:49.182" endtime="20230917 20:43:49.236"/>
</kw>
<kw name="Catenate" library="BuiltIn">
<var>${CEP}</var>
<arg>SEPARATOR=-</arg>
<doc>Catenates the given items together and returns the resulted string.</doc>
<msg timestamp="20230917 20:43:49.237" level="INFO">${CEP} = </msg>
<status status="PASS" starttime="20230917 20:43:49.236" endtime="20230917 20:43:49.238"/>
</kw>
<kw name="Postcode" library="FakerLibrary">
<var>${CEP}</var>
<doc>Randomly returns a postcode.
:param formatted: True to allow formatted postcodes, else False (default True)
:example formatted: '41224-212' '83992-291' '12324322'
:example raw: '43920231' '34239530'</doc>
<msg timestamp="20230917 20:43:49.239" level="INFO">${CEP} = 36153964</msg>
<status status="PASS" starttime="20230917 20:43:49.239" endtime="20230917 20:43:49.240"/>
</kw>
<kw name="Input Text" library="SeleniumLibrary">
<arg>css=${input_cep}</arg>
<arg>${CEP}</arg>
<doc>Types the given ``text`` into the text field identified by ``locator``.</doc>
<msg timestamp="20230917 20:43:49.241" level="INFO">Typing text '36153964' into text field 'css=input[name="cep"]'.</msg>
<status status="PASS" starttime="20230917 20:43:49.240" endtime="20230917 20:43:49.525"/>
</kw>
<kw name="Click Button" library="SeleniumLibrary">
<arg>css=${buscar_cep}</arg>
<doc>Clicks the button identified by ``locator``.</doc>
<msg timestamp="20230917 20:43:49.528" level="INFO">Clicking button 'css=input[type="button"]'.</msg>
<status status="PASS" starttime="20230917 20:43:49.525" endtime="20230917 20:43:49.673"/>
</kw>
<kw name="Element Should Be Disabled" library="SeleniumLibrary">
<arg>css=${input_adrress}</arg>
<doc>Verifies that element identified by ``locator`` is disabled.</doc>
<status status="PASS" starttime="20230917 20:43:49.674" endtime="20230917 20:43:49.724"/>
</kw>
<kw name="Random Digit Not Null" library="FakerLibrary">
<var>${number}</var>
<doc>Generate a random non-zero digit (1 to 9).</doc>
<msg timestamp="20230917 20:43:49.725" level="INFO">${number} = 5</msg>
<status status="PASS" starttime="20230917 20:43:49.725" endtime="20230917 20:43:49.725"/>
</kw>
<kw name="Input Text" library="SeleniumLibrary">
<arg>css=${input_number}</arg>
<arg>${number}</arg>
<doc>Types the given ``text`` into the text field identified by ``locator``.</doc>
<msg timestamp="20230917 20:43:49.727" level="INFO">Typing text '5' into text field 'css=input[name="addressNumber"]'.</msg>
<status status="PASS" starttime="20230917 20:43:49.726" endtime="20230917 20:43:49.964"/>
</kw>
<kw name="Input Text" library="SeleniumLibrary">
<arg>css=${input_details}</arg>
<arg>Apto 2</arg>
<doc>Types the given ``text`` into the text field identified by ``locator``.</doc>
<msg timestamp="20230917 20:43:49.966" level="INFO">Typing text 'Apto 2' into text field 'css=input[name="addressDetails"]'.</msg>
<status status="PASS" starttime="20230917 20:43:49.965" endtime="20230917 20:43:50.235"/>
</kw>
<kw name="Element Should Be Disabled" library="SeleniumLibrary">
<arg>css=${input_district}</arg>
<doc>Verifies that element identified by ``locator`` is disabled.</doc>
<status status="PASS" starttime="20230917 20:43:50.236" endtime="20230917 20:43:50.284"/>
</kw>
<kw name="Element Should Be Disabled" library="SeleniumLibrary">
<arg>css=${input_cityUF}</arg>
<doc>Verifies that element identified by ``locator`` is disabled.</doc>
<status status="PASS" starttime="20230917 20:43:50.284" endtime="20230917 20:43:50.334"/>
</kw>
<status status="PASS" starttime="20230917 20:43:49.181" endtime="20230917 20:43:50.335"/>
</kw>
<status status="PASS" starttime="20230917 20:43:49.180" endtime="20230917 20:43:50.335"/>
</kw>
<kw name="Escolher &quot;${tipo}&quot; em atividades extras" library="cadastro" sourcename="Escolher &quot;${tipo}&quot; em atividades extras">
<kw name="Scroll Element Into View" library="SeleniumLibrary">
<arg>//h2[contains(.,'Atividades extras')]</arg>
<doc>Scrolls the element identified by ``locator`` into view.</doc>
<status status="PASS" starttime="20230917 20:43:50.338" endtime="20230917 20:43:50.677"/>
</kw>
<kw name="Wait Until Element Is Visible" library="SeleniumLibrary">
<arg>css=.walker-service</arg>
<doc>Waits until the element ``locator`` is visible.</doc>
<status status="PASS" starttime="20230917 20:43:50.677" endtime="20230917 20:43:50.730"/>
</kw>
<if>
<branch type="IF" condition="&quot;${tipo}&quot; == &quot;Cuidar&quot;">
<kw name="Click Element" library="SeleniumLibrary">
<arg>//li[contains(.,'Cuidar')]</arg>
<doc>Click the element identified by ``locator``.</doc>
<msg timestamp="20230917 20:43:50.732" level="INFO">Clicking element '//li[contains(.,'Cuidar')]'.</msg>
<status status="PASS" starttime="20230917 20:43:50.731" endtime="20230917 20:43:50.868"/>
</kw>
<kw name="Wait Until Element Is Enabled" library="SeleniumLibrary">
<arg>//li[contains(.,'Cuidar')]</arg>
<doc>Waits until the element ``locator`` is enabled.</doc>
<status status="PASS" starttime="20230917 20:43:50.869" endtime="20230917 20:43:50.940"/>
</kw>
<status status="PASS" starttime="20230917 20:43:50.731" endtime="20230917 20:43:50.940"/>
</branch>
<branch type="ELSE IF" condition="&quot;${tipo}&quot; == &quot;Adestrar&quot;">
<kw name="Click Element" library="SeleniumLibrary">
<arg>//li[contains(.,'Adestrar')]</arg>
<doc>Click the element identified by ``locator``.</doc>
<status status="NOT RUN" starttime="20230917 20:43:50.941" endtime="20230917 20:43:50.941"/>
</kw>
<kw name="Wait Until Element Is Enabled" library="SeleniumLibrary">
<arg>//li[contains(.,'Adestrar')]</arg>
<doc>Waits until the element ``locator`` is enabled.</doc>
<status status="NOT RUN" starttime="20230917 20:43:50.941" endtime="20230917 20:43:50.941"/>
</kw>
<status status="NOT RUN" starttime="20230917 20:43:50.940" endtime="20230917 20:43:50.941"/>
</branch>
<branch type="ELSE">
<kw name="Fail" library="BuiltIn">
<arg>Não há essa opção</arg>
<doc>Fails the test with the given message and optionally alters its tags.</doc>
<status status="NOT RUN" starttime="20230917 20:43:50.942" endtime="20230917 20:43:50.942"/>
</kw>
<status status="NOT RUN" starttime="20230917 20:43:50.941" endtime="20230917 20:43:50.942"/>
</branch>
<status status="PASS" starttime="20230917 20:43:50.730" endtime="20230917 20:43:50.942"/>
</if>
<status status="PASS" starttime="20230917 20:43:50.336" endtime="20230917 20:43:50.943"/>
</kw>
<kw name="Adicione documento para cadastro" library="cadastro">
<kw name="Choose File" library="SeleniumLibrary">
<arg>css=${input_file}</arg>
<arg>${documento}</arg>
<doc>Inputs the ``file_path`` into the file input field ``locator``.</doc>
<msg timestamp="20230917 20:43:50.945" level="INFO">Sending C:\Users\user\Desktop\robot\walkdog-robot\images.jpeg to browser.</msg>
<status status="PASS" starttime="20230917 20:43:50.943" endtime="20230917 20:43:51.030"/>
</kw>
<status status="PASS" starttime="20230917 20:43:50.943" endtime="20230917 20:43:51.031"/>
</kw>
<kw name="Submete o cadastro" library="cadastro">
<kw name="Click Element" library="SeleniumLibrary">
<arg>${cadastrar}</arg>
<doc>Click the element identified by ``locator``.</doc>
<msg timestamp="20230917 20:43:51.033" level="INFO">Clicking element 'xpath=//button[contains(.,'Cadastrar')]'.</msg>
<status status="PASS" starttime="20230917 20:43:51.032" endtime="20230917 20:43:51.174"/>
</kw>
<status status="PASS" starttime="20230917 20:43:51.031" endtime="20230917 20:43:51.175"/>
</kw>
<kw name="Validação de envio do formulário" library="cadastro">
<kw name="Wait Until Element Is Visible" library="SeleniumLibrary">
<arg>css=.swal2-html-container</arg>
<doc>Waits until the element ``locator`` is visible.</doc>
<status status="PASS" starttime="20230917 20:43:51.177" endtime="20230917 20:43:51.926"/>
</kw>
<status status="PASS" starttime="20230917 20:43:51.176" endtime="20230917 20:43:51.927"/>
</kw>
<status status="PASS" starttime="20230917 20:43:47.857" endtime="20230917 20:43:51.927"/>
</kw>
<kw name="Encerrar Sessão" library="main" type="TEARDOWN">
<kw name="Close Browser" library="SeleniumLibrary">
<doc>Closes the current browser.</doc>
<status status="PASS" starttime="20230917 20:43:51.930" endtime="20230917 20:43:54.411"/>
</kw>
<status status="PASS" starttime="20230917 20:43:51.929" endtime="20230917 20:43:54.411"/>
</kw>
<tag>TC01</tag>
<status status="PASS" starttime="20230917 20:43:43.060" endtime="20230917 20:43:54.411"/>
</test>
<test id="s1-s1-t3" name="TC02 - Quero ser Dog Walker - Adestrar" line="19">
<kw name="Iniciar Sessão" library="main" type="SETUP">
<kw name="Open Browser" library="SeleniumLibrary">
<arg>${url}</arg>
<arg>${chrome}</arg>
<doc>Opens a new browser instance to the optional ``url``.</doc>
<msg timestamp="20230917 20:43:54.417" level="INFO">Opening browser 'chrome' to base url 'https://walkdog.vercel.app/'.</msg>
<status status="PASS" starttime="20230917 20:43:54.416" endtime="20230917 20:43:58.173"/>
</kw>
<kw name="Set Window Size" library="SeleniumLibrary">
<arg>1366</arg>
<arg>768</arg>
<doc>Sets current windows size to given ``width`` and ``height``.</doc>
<status status="PASS" starttime="20230917 20:43:58.173" endtime="20230917 20:43:58.311"/>
</kw>
<status status="PASS" starttime="20230917 20:43:54.415" endtime="20230917 20:43:58.312"/>
</kw>
<kw name="Clicar em quero ser um dogwlaker" library="cadastro">
<kw name="Wait Until Element Is Visible" library="SeleniumLibrary">
<arg>${button}</arg>
<doc>Waits until the element ``locator`` is visible.</doc>
<status status="PASS" starttime="20230917 20:43:58.315" endtime="20230917 20:43:58.412"/>
</kw>
<kw name="Click Element" library="SeleniumLibrary">
<arg>${button}</arg>
<doc>Click the element identified by ``locator``.</doc>
<msg timestamp="20230917 20:43:58.413" level="INFO">Clicking element 'css=a[href="/signup"]'.</msg>
<status status="PASS" starttime="20230917 20:43:58.412" endtime="20230917 20:43:58.693"/>
</kw>
<kw name="Go To" library="SeleniumLibrary">
<arg>${signup}</arg>
<doc>Navigates the current browser window to the provided ``url``.</doc>
<msg timestamp="20230917 20:43:58.694" level="INFO">Opening url 'https://walkdog.vercel.app//signup'</msg>
<status status="PASS" starttime="20230917 20:43:58.693" endtime="20230917 20:43:59.095"/>
</kw>
<kw name="Wait Until Element Is Visible" library="SeleniumLibrary">
<arg>css=img[alt="Walkdog"]</arg>
<doc>Waits until the element ``locator`` is visible.</doc>
<status status="PASS" starttime="20230917 20:43:59.097" endtime="20230917 20:43:59.173"/>
</kw>
<status status="PASS" starttime="20230917 20:43:58.314" endtime="20230917 20:43:59.176"/>
</kw>
<kw name="Valida o titulo e subtitulo do cadastro" library="cadastro">
<kw name="Page Should Contain" library="SeleniumLibrary">
<arg>text=${title}</arg>
<doc>Verifies that current page contains ``text``.</doc>
<msg timestamp="20230917 20:43:59.214" level="INFO">Current page contains text 'Walkdog by Papito'.</msg>
<status status="PASS" starttime="20230917 20:43:59.178" endtime="20230917 20:43:59.214"/>
</kw>
<kw name="Page Should Contain" library="SeleniumLibrary">
<arg>text=${phrase}</arg>
<doc>Verifies that current page contains ``text``.</doc>
<msg timestamp="20230917 20:43:59.250" level="INFO">Current page contains text 'Use nosso aplicativo para ganhar dinheiro fazendo o que ama: cuidar de pets'.</msg>
<status status="PASS" starttime="20230917 20:43:59.214" endtime="20230917 20:43:59.250"/>
</kw>
<status status="PASS" starttime="20230917 20:43:59.177" endtime="20230917 20:43:59.250"/>
</kw>
<kw name="Faz o submit do formulário para &quot;Adestrar&quot;" library="cadastro" sourcename="Faz o submit do formulário para &quot;${tipo}&quot;">
<kw name="Preencher os campos de dados do cadastro" library="cadastro">
<kw name="Preenche o &quot;name lastname&quot; completo" library="cadastro" sourcename="Preenche o ${name} ${lastname} completo">
<kw name="Wait Until Element Is Visible" library="SeleniumLibrary">
<arg>css=${input_name}</arg>
<doc>Waits until the element ``locator`` is visible.</doc>
<status status="PASS" starttime="20230917 20:43:59.256" endtime="20230917 20:43:59.312"/>
</kw>
<kw name="First Name" library="FakerLibrary">
<var>${name}</var>
<msg timestamp="20230917 20:43:59.313" level="INFO">${name} = Isabella</msg>
<status status="PASS" starttime="20230917 20:43:59.313" endtime="20230917 20:43:59.313"/>
</kw>
<kw name="Last Name" library="FakerLibrary">
<var>${lastname}</var>
<msg timestamp="20230917 20:43:59.313" level="INFO">${lastname} = Carvalho</msg>
<status status="PASS" starttime="20230917 20:43:59.313" endtime="20230917 20:43:59.313"/>
</kw>
<kw name="Input Text" library="SeleniumLibrary">
<arg>css=${input_name}</arg>
<arg>${name} ${lastname}</arg>
<doc>Types the given ``text`` into the text field identified by ``locator``.</doc>
<msg timestamp="20230917 20:43:59.314" level="INFO">Typing text 'Isabella Carvalho' into text field 'css=input[name="name"]'.</msg>
<status status="PASS" starttime="20230917 20:43:59.313" endtime="20230917 20:43:59.647"/>
</kw>
<status status="PASS" starttime="20230917 20:43:59.255" endtime="20230917 20:43:59.648"/>
</kw>
<kw name="Preenche o &quot;email&quot; correto" library="cadastro" sourcename="Preenche o ${email} correto">
<kw name="Wait Until Element Is Visible" library="SeleniumLibrary">
<arg>css=${input_email}</arg>
<doc>Waits until the element ``locator`` is visible.</doc>
<status status="PASS" starttime="20230917 20:43:59.648" endtime="20230917 20:43:59.693"/>
</kw>
<kw name="Free Email" library="FakerLibrary">
<var>${email}</var>
<msg timestamp="20230917 20:43:59.694" level="INFO">${email} = mariane43@hotmail.com</msg>
<status status="PASS" starttime="20230917 20:43:59.693" endtime="20230917 20:43:59.694"/>
</kw>
<kw name="Input Text" library="SeleniumLibrary">
<arg>css=${input_email}</arg>
<arg>${email}</arg>
<doc>Types the given ``text`` into the text field identified by ``locator``.</doc>
<msg timestamp="20230917 20:43:59.695" level="INFO">Typing text 'mariane43@hotmail.com' into text field 'css=input[name="email"]'.</msg>
<status status="PASS" starttime="20230917 20:43:59.694" endtime="20230917 20:43:59.980"/>
</kw>
<status status="PASS" starttime="20230917 20:43:59.648" endtime="20230917 20:43:59.980"/>
</kw>
<kw name="Preenche com o &quot;cpf&quot; válido" library="cadastro" sourcename="Preenche com o ${cpf} válido">
<kw name="Wait Until Element Is Visible" library="SeleniumLibrary">
<arg>css=${input_cpf}</arg>
<doc>Waits until the element ``locator`` is visible.</doc>
<status status="PASS" starttime="20230917 20:43:59.981" endtime="20230917 20:44:00.030"/>
</kw>
<kw name="Input Text" library="SeleniumLibrary">
<arg>css=${input_cpf}</arg>
<arg>36431207025</arg>
<doc>Types the given ``text`` into the text field identified by ``locator``.</doc>
<msg timestamp="20230917 20:44:00.032" level="INFO">Typing text '36431207025' into text field 'css=input[name="cpf"]'.</msg>
<status status="PASS" starttime="20230917 20:44:00.030" endtime="20230917 20:44:00.332"/>
</kw>
<status status="PASS" starttime="20230917 20:43:59.980" endtime="20230917 20:44:00.332"/>
</kw>
<status status="PASS" starttime="20230917 20:43:59.252" endtime="20230917 20:44:00.332"/>
</kw>
<kw name="Preencher os campos de endereço do cadastro" library="cadastro">
<kw name="Preenche o &quot;CEP&quot; válido" library="cadastro" sourcename="Preenche o ${CEP} válido">
<kw name="Wait Until Element Is Visible" library="SeleniumLibrary">
<arg>css=${input_cep}</arg>
<doc>Waits until the element ``locator`` is visible.</doc>
<status status="PASS" starttime="20230917 20:44:00.334" endtime="20230917 20:44:00.395"/>
</kw>
<kw name="Catenate" library="BuiltIn">
<var>${CEP}</var>
<arg>SEPARATOR=-</arg>
<doc>Catenates the given items together and returns the resulted string.</doc>
<msg timestamp="20230917 20:44:00.396" level="INFO">${CEP} = </msg>
<status status="PASS" starttime="20230917 20:44:00.396" endtime="20230917 20:44:00.396"/>
</kw>
<kw name="Postcode" library="FakerLibrary">
<var>${CEP}</var>
<doc>Randomly returns a postcode.
:param formatted: True to allow formatted postcodes, else False (default True)
:example formatted: '41224-212' '83992-291' '12324322'
:example raw: '43920231' '34239530'</doc>
<msg timestamp="20230917 20:44:00.397" level="INFO">${CEP} = 54037628</msg>
<status status="PASS" starttime="20230917 20:44:00.397" endtime="20230917 20:44:00.397"/>
</kw>
<kw name="Input Text" library="SeleniumLibrary">
<arg>css=${input_cep}</arg>
<arg>${CEP}</arg>
<doc>Types the given ``text`` into the text field identified by ``locator``.</doc>
<msg timestamp="20230917 20:44:00.399" level="INFO">Typing text '54037628' into text field 'css=input[name="cep"]'.</msg>
<status status="PASS" starttime="20230917 20:44:00.397" endtime="20230917 20:44:00.621"/>
</kw>
<kw name="Click Button" library="SeleniumLibrary">
<arg>css=${buscar_cep}</arg>
<doc>Clicks the button identified by ``locator``.</doc>
<msg timestamp="20230917 20:44:00.623" level="INFO">Clicking button 'css=input[type="button"]'.</msg>
<status status="PASS" starttime="20230917 20:44:00.621" endtime="20230917 20:44:00.766"/>
</kw>
<kw name="Element Should Be Disabled" library="SeleniumLibrary">
<arg>css=${input_adrress}</arg>
<doc>Verifies that element identified by ``locator`` is disabled.</doc>
<status status="PASS" starttime="20230917 20:44:00.767" endtime="20230917 20:44:00.826"/>
</kw>
<kw name="Random Digit Not Null" library="FakerLibrary">
<var>${number}</var>
<doc>Generate a random non-zero digit (1 to 9).</doc>
<msg timestamp="20230917 20:44:00.827" level="INFO">${number} = 2</msg>
<status status="PASS" starttime="20230917 20:44:00.827" endtime="20230917 20:44:00.827"/>
</kw>
<kw name="Input Text" library="SeleniumLibrary">
<arg>css=${input_number}</arg>
<arg>${number}</arg>
<doc>Types the given ``text`` into the text field identified by ``locator``.</doc>
<msg timestamp="20230917 20:44:00.829" level="INFO">Typing text '2' into text field 'css=input[name="addressNumber"]'.</msg>
<status status="PASS" starttime="20230917 20:44:00.828" endtime="20230917 20:44:01.068"/>
</kw>
<kw name="Input Text" library="SeleniumLibrary">
<arg>css=${input_details}</arg>
<arg>Apto 2</arg>
<doc>Types the given ``text`` into the text field identified by ``locator``.</doc>
<msg timestamp="20230917 20:44:01.070" level="INFO">Typing text 'Apto 2' into text field 'css=input[name="addressDetails"]'.</msg>
<status status="PASS" starttime="20230917 20:44:01.068" endtime="20230917 20:44:01.312"/>
</kw>
<kw name="Element Should Be Disabled" library="SeleniumLibrary">
<arg>css=${input_district}</arg>
<doc>Verifies that element identified by ``locator`` is disabled.</doc>
<status status="PASS" starttime="20230917 20:44:01.314" endtime="20230917 20:44:01.365"/>
</kw>
<kw name="Element Should Be Disabled" library="SeleniumLibrary">
<arg>css=${input_cityUF}</arg>
<doc>Verifies that element identified by ``locator`` is disabled.</doc>
<status status="PASS" starttime="20230917 20:44:01.365" endtime="20230917 20:44:01.410"/>
</kw>
<status status="PASS" starttime="20230917 20:44:00.333" endtime="20230917 20:44:01.410"/>
</kw>
<status status="PASS" starttime="20230917 20:44:00.333" endtime="20230917 20:44:01.410"/>
</kw>
<kw name="Escolher &quot;${tipo}&quot; em atividades extras" library="cadastro" sourcename="Escolher &quot;${tipo}&quot; em atividades extras">
<kw name="Scroll Element Into View" library="SeleniumLibrary">
<arg>//h2[contains(.,'Atividades extras')]</arg>
<doc>Scrolls the element identified by ``locator`` into view.</doc>
<status status="PASS" starttime="20230917 20:44:01.411" endtime="20230917 20:44:01.745"/>
</kw>
<kw name="Wait Until Element Is Visible" library="SeleniumLibrary">
<arg>css=.walker-service</arg>
<doc>Waits until the element ``locator`` is visible.</doc>
<status status="PASS" starttime="20230917 20:44:01.745" endtime="20230917 20:44:01.797"/>
</kw>
<if>
<branch type="IF" condition="&quot;${tipo}&quot; == &quot;Cuidar&quot;">
<kw name="Click Element" library="SeleniumLibrary">
<arg>//li[contains(.,'Cuidar')]</arg>
<doc>Click the element identified by ``locator``.</doc>
<status status="NOT RUN" starttime="20230917 20:44:01.797" endtime="20230917 20:44:01.797"/>
</kw>
<kw name="Wait Until Element Is Enabled" library="SeleniumLibrary">
<arg>//li[contains(.,'Cuidar')]</arg>
<doc>Waits until the element ``locator`` is enabled.</doc>
<status status="NOT RUN" starttime="20230917 20:44:01.798" endtime="20230917 20:44:01.798"/>
</kw>
<status status="NOT RUN" starttime="20230917 20:44:01.797" endtime="20230917 20:44:01.798"/>
</branch>
<branch type="ELSE IF" condition="&quot;${tipo}&quot; == &quot;Adestrar&quot;">
<kw name="Click Element" library="SeleniumLibrary">
<arg>//li[contains(.,'Adestrar')]</arg>
<doc>Click the element identified by ``locator``.</doc>
<msg timestamp="20230917 20:44:01.799" level="INFO">Clicking element '//li[contains(.,'Adestrar')]'.</msg>
<status status="PASS" starttime="20230917 20:44:01.799" endtime="20230917 20:44:01.912"/>
</kw>
<kw name="Wait Until Element Is Enabled" library="SeleniumLibrary">
<arg>//li[contains(.,'Adestrar')]</arg>
<doc>Waits until the element ``locator`` is enabled.</doc>
<status status="PASS" starttime="20230917 20:44:01.913" endtime="20230917 20:44:01.996"/>
</kw>
<status status="PASS" starttime="20230917 20:44:01.798" endtime="20230917 20:44:01.996"/>
</branch>
<branch type="ELSE">
<kw name="Fail" library="BuiltIn">
<arg>Não há essa opção</arg>
<doc>Fails the test with the given message and optionally alters its tags.</doc>
<status status="NOT RUN" starttime="20230917 20:44:01.996" endtime="20230917 20:44:01.996"/>
</kw>
<status status="NOT RUN" starttime="20230917 20:44:01.996" endtime="20230917 20:44:01.996"/>
</branch>
<status status="PASS" starttime="20230917 20:44:01.797" endtime="20230917 20:44:01.996"/>
</if>
<status status="PASS" starttime="20230917 20:44:01.410" endtime="20230917 20:44:01.997"/>
</kw>
<kw name="Adicione documento para cadastro" library="cadastro">
<kw name="Choose File" library="SeleniumLibrary">
<arg>css=${input_file}</arg>
<arg>${documento}</arg>
<doc>Inputs the ``file_path`` into the file input field ``locator``.</doc>
<msg timestamp="20230917 20:44:01.998" level="INFO">Sending C:\Users\user\Desktop\robot\walkdog-robot\images.jpeg to browser.</msg>
<status status="PASS" starttime="20230917 20:44:01.997" endtime="20230917 20:44:02.084"/>
</kw>
<status status="PASS" starttime="20230917 20:44:01.997" endtime="20230917 20:44:02.084"/>
</kw>
<kw name="Submete o cadastro" library="cadastro">
<kw name="Click Element" library="SeleniumLibrary">
<arg>${cadastrar}</arg>
<doc>Click the element identified by ``locator``.</doc>
<msg timestamp="20230917 20:44:02.089" level="INFO">Clicking element 'xpath=//button[contains(.,'Cadastrar')]'.</msg>
<status status="PASS" starttime="20230917 20:44:02.086" endtime="20230917 20:44:02.202"/>
</kw>
<status status="PASS" starttime="20230917 20:44:02.085" endtime="20230917 20:44:02.203"/>
</kw>
<kw name="Validação de envio do formulário" library="cadastro">
<kw name="Wait Until Element Is Visible" library="SeleniumLibrary">
<arg>css=.swal2-html-container</arg>
<doc>Waits until the element ``locator`` is visible.</doc>
<status status="PASS" starttime="20230917 20:44:02.205" endtime="20230917 20:44:02.725"/>
</kw>
<status status="PASS" starttime="20230917 20:44:02.204" endtime="20230917 20:44:02.726"/>
</kw>
<status status="PASS" starttime="20230917 20:43:59.251" endtime="20230917 20:44:02.726"/>
</kw>
<kw name="Encerrar Sessão" library="main" type="TEARDOWN">
<kw name="Close Browser" library="SeleniumLibrary">
<doc>Closes the current browser.</doc>
<status status="PASS" starttime="20230917 20:44:02.728" endtime="20230917 20:44:05.238"/>
</kw>
<status status="PASS" starttime="20230917 20:44:02.727" endtime="20230917 20:44:05.239"/>
</kw>
<tag>TC02</tag>
<status status="PASS" starttime="20230917 20:43:54.414" endtime="20230917 20:44:05.239"/>
</test>
<test id="s1-s1-t4" name="TC 03 - Quero ser Dog Walker" line="25">
<kw name="Iniciar Sessão" library="main" type="SETUP">
<kw name="Open Browser" library="SeleniumLibrary">
<arg>${url}</arg>
<arg>${chrome}</arg>
<doc>Opens a new browser instance to the optional ``url``.</doc>
<msg timestamp="20230917 20:44:05.246" level="INFO">Opening browser 'chrome' to base url 'https://walkdog.vercel.app/'.</msg>
<status status="PASS" starttime="20230917 20:44:05.245" endtime="20230917 20:44:09.134"/>
</kw>
<kw name="Set Window Size" library="SeleniumLibrary">
<arg>1366</arg>
<arg>768</arg>
<doc>Sets current windows size to given ``width`` and ``height``.</doc>
<status status="PASS" starttime="20230917 20:44:09.135" endtime="20230917 20:44:09.279"/>
</kw>
<status status="PASS" starttime="20230917 20:44:05.244" endtime="20230917 20:44:09.279"/>
</kw>
<kw name="Clicar em quero ser um dogwlaker" library="cadastro">
<kw name="Wait Until Element Is Visible" library="SeleniumLibrary">
<arg>${button}</arg>
<doc>Waits until the element ``locator`` is visible.</doc>
<status status="PASS" starttime="20230917 20:44:09.280" endtime="20230917 20:44:09.360"/>
</kw>
<kw name="Click Element" library="SeleniumLibrary">
<arg>${button}</arg>
<doc>Click the element identified by ``locator``.</doc>
<msg timestamp="20230917 20:44:09.361" level="INFO">Clicking element 'css=a[href="/signup"]'.</msg>
<status status="PASS" starttime="20230917 20:44:09.360" endtime="20230917 20:44:09.613"/>
</kw>
<kw name="Go To" library="SeleniumLibrary">
<arg>${signup}</arg>
<doc>Navigates the current browser window to the provided ``url``.</doc>
<msg timestamp="20230917 20:44:09.614" level="INFO">Opening url 'https://walkdog.vercel.app//signup'</msg>
<status status="PASS" starttime="20230917 20:44:09.613" endtime="20230917 20:44:09.997"/>
</kw>
<kw name="Wait Until Element Is Visible" library="SeleniumLibrary">
<arg>css=img[alt="Walkdog"]</arg>
<doc>Waits until the element ``locator`` is visible.</doc>
<status status="PASS" starttime="20230917 20:44:09.997" endtime="20230917 20:44:10.093"/>
</kw>
<status status="PASS" starttime="20230917 20:44:09.280" endtime="20230917 20:44:10.093"/>
</kw>
<kw name="Valida o titulo e subtitulo do cadastro" library="cadastro">
<kw name="Page Should Contain" library="SeleniumLibrary">
<arg>text=${title}</arg>
<doc>Verifies that current page contains ``text``.</doc>
<msg timestamp="20230917 20:44:10.166" level="INFO">Current page contains text 'Walkdog by Papito'.</msg>
<status status="PASS" starttime="20230917 20:44:10.095" endtime="20230917 20:44:10.166"/>
</kw>
<kw name="Page Should Contain" library="SeleniumLibrary">
<arg>text=${phrase}</arg>
<doc>Verifies that current page contains ``text``.</doc>
<msg timestamp="20230917 20:44:10.209" level="INFO">Current page contains text 'Use nosso aplicativo para ganhar dinheiro fazendo o que ama: cuidar de pets'.</msg>
<status status="PASS" starttime="20230917 20:44:10.166" endtime="20230917 20:44:10.209"/>
</kw>
<status status="PASS" starttime="20230917 20:44:10.095" endtime="20230917 20:44:10.210"/>
</kw>
<kw name="Preencher os campos de dados do cadastro" library="cadastro">
<kw name="Preenche o &quot;name lastname&quot; completo" library="cadastro" sourcename="Preenche o ${name} ${lastname} completo">
<kw name="Wait Until Element Is Visible" library="SeleniumLibrary">
<arg>css=${input_name}</arg>
<doc>Waits until the element ``locator`` is visible.</doc>
<status status="PASS" starttime="20230917 20:44:10.212" endtime="20230917 20:44:10.283"/>
</kw>
<kw name="First Name" library="FakerLibrary">
<var>${name}</var>
<msg timestamp="20230917 20:44:10.285" level="INFO">${name} = Samuel</msg>
<status status="PASS" starttime="20230917 20:44:10.283" endtime="20230917 20:44:10.285"/>
</kw>
<kw name="Last Name" library="FakerLibrary">
<var>${lastname}</var>
<msg timestamp="20230917 20:44:10.287" level="INFO">${lastname} = Rocha</msg>
<status status="PASS" starttime="20230917 20:44:10.286" endtime="20230917 20:44:10.287"/>
</kw>
<kw name="Input Text" library="SeleniumLibrary">
<arg>css=${input_name}</arg>
<arg>${name} ${lastname}</arg>
<doc>Types the given ``text`` into the text field identified by ``locator``.</doc>
<msg timestamp="20230917 20:44:10.289" level="INFO">Typing text 'Samuel Rocha' into text field 'css=input[name="name"]'.</msg>
<status status="PASS" starttime="20230917 20:44:10.287" endtime="20230917 20:44:10.814"/>
</kw>
<status status="PASS" starttime="20230917 20:44:10.211" endtime="20230917 20:44:10.814"/>
</kw>
<kw name="Preenche o &quot;email&quot; correto" library="cadastro" sourcename="Preenche o ${email} correto">
<kw name="Wait Until Element Is Visible" library="SeleniumLibrary">
<arg>css=${input_email}</arg>
<doc>Waits until the element ``locator`` is visible.</doc>
<status status="PASS" starttime="20230917 20:44:10.815" endtime="20230917 20:44:10.867"/>
</kw>
<kw name="Free Email" library="FakerLibrary">
<var>${email}</var>
<msg timestamp="20230917 20:44:10.868" level="INFO">${email} = limarenan@ig.com.br</msg>
<status status="PASS" starttime="20230917 20:44:10.868" endtime="20230917 20:44:10.869"/>
</kw>
<kw name="Input Text" library="SeleniumLibrary">
<arg>css=${input_email}</arg>
<arg>${email}</arg>
<doc>Types the given ``text`` into the text field identified by ``locator``.</doc>
<msg timestamp="20230917 20:44:10.872" level="INFO">Typing text 'limarenan@ig.com.br' into text field 'css=input[name="email"]'.</msg>
<status status="PASS" starttime="20230917 20:44:10.869" endtime="20230917 20:44:11.159"/>
</kw>
<status status="PASS" starttime="20230917 20:44:10.814" endtime="20230917 20:44:11.160"/>
</kw>
<kw name="Preenche com o &quot;cpf&quot; válido" library="cadastro" sourcename="Preenche com o ${cpf} válido">
<kw name="Wait Until Element Is Visible" library="SeleniumLibrary">
<arg>css=${input_cpf}</arg>
<doc>Waits until the element ``locator`` is visible.</doc>
<status status="PASS" starttime="20230917 20:44:11.161" endtime="20230917 20:44:11.208"/>
</kw>
<kw name="Input Text" library="SeleniumLibrary">
<arg>css=${input_cpf}</arg>
<arg>36431207025</arg>
<doc>Types the given ``text`` into the text field identified by ``locator``.</doc>
<msg timestamp="20230917 20:44:11.210" level="INFO">Typing text '36431207025' into text field 'css=input[name="cpf"]'.</msg>
<status status="PASS" starttime="20230917 20:44:11.208" endtime="20230917 20:44:11.471"/>
</kw>
<status status="PASS" starttime="20230917 20:44:11.160" endtime="20230917 20:44:11.472"/>
</kw>
<status status="PASS" starttime="20230917 20:44:10.211" endtime="20230917 20:44:11.473"/>
</kw>
<kw name="Preencher os campos de endereço do cadastro" library="cadastro">
<kw name="Preenche o &quot;CEP&quot; válido" library="cadastro" sourcename="Preenche o ${CEP} válido">
<kw name="Wait Until Element Is Visible" library="SeleniumLibrary">
<arg>css=${input_cep}</arg>
<doc>Waits until the element ``locator`` is visible.</doc>
<status status="PASS" starttime="20230917 20:44:11.476" endtime="20230917 20:44:11.525"/>
</kw>
<kw name="Catenate" library="BuiltIn">
<var>${CEP}</var>
<arg>SEPARATOR=-</arg>
<doc>Catenates the given items together and returns the resulted string.</doc>
<msg timestamp="20230917 20:44:11.526" level="INFO">${CEP} = </msg>
<status status="PASS" starttime="20230917 20:44:11.526" endtime="20230917 20:44:11.526"/>
</kw>
<kw name="Postcode" library="FakerLibrary">
<var>${CEP}</var>
<doc>Randomly returns a postcode.
:param formatted: True to allow formatted postcodes, else False (default True)
:example formatted: '41224-212' '83992-291' '12324322'
:example raw: '43920231' '34239530'</doc>
<msg timestamp="20230917 20:44:11.527" level="INFO">${CEP} = 11692630</msg>
<status status="PASS" starttime="20230917 20:44:11.526" endtime="20230917 20:44:11.527"/>
</kw>
<kw name="Input Text" library="SeleniumLibrary">
<arg>css=${input_cep}</arg>
<arg>${CEP}</arg>
<doc>Types the given ``text`` into the text field identified by ``locator``.</doc>
<msg timestamp="20230917 20:44:11.528" level="INFO">Typing text '11692630' into text field 'css=input[name="cep"]'.</msg>
<status status="PASS" starttime="20230917 20:44:11.527" endtime="20230917 20:44:11.746"/>
</kw>
<kw name="Click Button" library="SeleniumLibrary">
<arg>css=${buscar_cep}</arg>
<doc>Clicks the button identified by ``locator``.</doc>
<msg timestamp="20230917 20:44:11.748" level="INFO">Clicking button 'css=input[type="button"]'.</msg>
<status status="PASS" starttime="20230917 20:44:11.747" endtime="20230917 20:44:11.871"/>
</kw>
<kw name="Element Should Be Disabled" library="SeleniumLibrary">
<arg>css=${input_adrress}</arg>
<doc>Verifies that element identified by ``locator`` is disabled.</doc>
<status status="PASS" starttime="20230917 20:44:11.871" endtime="20230917 20:44:11.907"/>
</kw>
<kw name="Random Digit Not Null" library="FakerLibrary">
<var>${number}</var>
<doc>Generate a random non-zero digit (1 to 9).</doc>
<msg timestamp="20230917 20:44:11.908" level="INFO">${number} = 4</msg>
<status status="PASS" starttime="20230917 20:44:11.908" endtime="20230917 20:44:11.908"/>
</kw>
<kw name="Input Text" library="SeleniumLibrary">
<arg>css=${input_number}</arg>
<arg>${number}</arg>
<doc>Types the given ``text`` into the text field identified by ``locator``.</doc>
<msg timestamp="20230917 20:44:11.909" level="INFO">Typing text '4' into text field 'css=input[name="addressNumber"]'.</msg>
<status status="PASS" starttime="20230917 20:44:11.908" endtime="20230917 20:44:12.066"/>
</kw>
<kw name="Input Text" library="SeleniumLibrary">
<arg>css=${input_details}</arg>
<arg>Apto 2</arg>
<doc>Types the given ``text`` into the text field identified by ``locator``.</doc>
<msg timestamp="20230917 20:44:12.067" level="INFO">Typing text 'Apto 2' into text field 'css=input[name="addressDetails"]'.</msg>
<status status="PASS" starttime="20230917 20:44:12.066" endtime="20230917 20:44:12.313"/>
</kw>
<kw name="Element Should Be Disabled" library="SeleniumLibrary">
<arg>css=${input_district}</arg>
<doc>Verifies that element identified by ``locator`` is disabled.</doc>
<status status="PASS" starttime="20230917 20:44:12.313" endtime="20230917 20:44:12.367"/>
</kw>
<kw name="Element Should Be Disabled" library="SeleniumLibrary">
<arg>css=${input_cityUF}</arg>
<doc>Verifies that element identified by ``locator`` is disabled.</doc>
<status status="PASS" starttime="20230917 20:44:12.368" endtime="20230917 20:44:12.400"/>
</kw>
<status status="PASS" starttime="20230917 20:44:11.475" endtime="20230917 20:44:12.400"/>
</kw>
<status status="PASS" starttime="20230917 20:44:11.474" endtime="20230917 20:44:12.400"/>
</kw>
<kw name="Adicione documento para cadastro" library="cadastro">
<kw name="Choose File" library="SeleniumLibrary">
<arg>css=${input_file}</arg>
<arg>${documento}</arg>
<doc>Inputs the ``file_path`` into the file input field ``locator``.</doc>
<msg timestamp="20230917 20:44:12.404" level="INFO">Sending C:\Users\user\Desktop\robot\walkdog-robot\images.jpeg to browser.</msg>
<status status="PASS" starttime="20230917 20:44:12.403" endtime="20230917 20:44:12.469"/>
</kw>
<status status="PASS" starttime="20230917 20:44:12.401" endtime="20230917 20:44:12.469"/>
</kw>
<kw name="Submete o cadastro" library="cadastro">
<kw name="Click Element" library="SeleniumLibrary">
<arg>${cadastrar}</arg>
<doc>Click the element identified by ``locator``.</doc>
<msg timestamp="20230917 20:44:12.474" level="INFO">Clicking element 'xpath=//button[contains(.,'Cadastrar')]'.</msg>
<status status="PASS" starttime="20230917 20:44:12.473" endtime="20230917 20:44:12.587"/>
</kw>
<status status="PASS" starttime="20230917 20:44:12.472" endtime="20230917 20:44:12.587"/>
</kw>
<kw name="Encerrar Sessão" library="main" type="TEARDOWN">
<kw name="Close Browser" library="SeleniumLibrary">
<doc>Closes the current browser.</doc>
<status status="PASS" starttime="20230917 20:44:12.590" endtime="20230917 20:44:15.061"/>
</kw>
<status status="PASS" starttime="20230917 20:44:12.589" endtime="20230917 20:44:15.062"/>
</kw>
<tag>TC03</tag>
<status status="PASS" starttime="20230917 20:44:05.243" endtime="20230917 20:44:15.075"/>
</test>
<test id="s1-s1-t5" name="TC 04 - Validar campos obrigatorios" line="34">
<kw name="Iniciar Sessão" library="main" type="SETUP">
<kw name="Open Browser" library="SeleniumLibrary">
<arg>${url}</arg>
<arg>${chrome}</arg>
<doc>Opens a new browser instance to the optional ``url``.</doc>
<msg timestamp="20230917 20:44:15.082" level="INFO">Opening browser 'chrome' to base url 'https://walkdog.vercel.app/'.</msg>
<status status="PASS" starttime="20230917 20:44:15.081" endtime="20230917 20:44:19.178"/>
</kw>
<kw name="Set Window Size" library="SeleniumLibrary">
<arg>1366</arg>
<arg>768</arg>
<doc>Sets current windows size to given ``width`` and ``height``.</doc>
<status status="PASS" starttime="20230917 20:44:19.179" endtime="20230917 20:44:19.346"/>
</kw>
<status status="PASS" starttime="20230917 20:44:15.079" endtime="20230917 20:44:19.347"/>
</kw>
<kw name="Clicar em quero ser um dogwlaker" library="cadastro">
<kw name="Wait Until Element Is Visible" library="SeleniumLibrary">
<arg>${button}</arg>
<doc>Waits until the element ``locator`` is visible.</doc>
<status status="PASS" starttime="20230917 20:44:19.349" endtime="20230917 20:44:19.433"/>
</kw>
<kw name="Click Element" library="SeleniumLibrary">
<arg>${button}</arg>
<doc>Click the element identified by ``locator``.</doc>
<msg timestamp="20230917 20:44:19.434" level="INFO">Clicking element 'css=a[href="/signup"]'.</msg>
<status status="PASS" starttime="20230917 20:44:19.433" endtime="20230917 20:44:19.697"/>
</kw>
<kw name="Go To" library="SeleniumLibrary">
<arg>${signup}</arg>
<doc>Navigates the current browser window to the provided ``url``.</doc>
<msg timestamp="20230917 20:44:19.700" level="INFO">Opening url 'https://walkdog.vercel.app//signup'</msg>
<status status="PASS" starttime="20230917 20:44:19.698" endtime="20230917 20:44:20.100"/>
</kw>
<kw name="Wait Until Element Is Visible" library="SeleniumLibrary">
<arg>css=img[alt="Walkdog"]</arg>
<doc>Waits until the element ``locator`` is visible.</doc>
<status status="PASS" starttime="20230917 20:44:20.101" endtime="20230917 20:44:20.208"/>
</kw>
<status status="PASS" starttime="20230917 20:44:19.347" endtime="20230917 20:44:20.208"/>
</kw>
<kw name="Valida o titulo e subtitulo do cadastro" library="cadastro">
<kw name="Page Should Contain" library="SeleniumLibrary">
<arg>text=${title}</arg>
<doc>Verifies that current page contains ``text``.</doc>
<msg timestamp="20230917 20:44:20.258" level="INFO">Current page contains text 'Walkdog by Papito'.</msg>
<status status="PASS" starttime="20230917 20:44:20.213" endtime="20230917 20:44:20.259"/>
</kw>
<kw name="Page Should Contain" library="SeleniumLibrary">
<arg>text=${phrase}</arg>
<doc>Verifies that current page contains ``text``.</doc>
<msg timestamp="20230917 20:44:20.315" level="INFO">Current page contains text 'Use nosso aplicativo para ganhar dinheiro fazendo o que ama: cuidar de pets'.</msg>
<status status="PASS" starttime="20230917 20:44:20.259" endtime="20230917 20:44:20.315"/>
</kw>
<status status="PASS" starttime="20230917 20:44:20.212" endtime="20230917 20:44:20.315"/>
</kw>
<kw name="Campos obrigatorios" library="cadastro">
<kw name="Alerts have texts" library="cadastro">
<arg>Informe o seu nome completo</arg>
<kw name="Set Variable" library="BuiltIn">
<var>${element}</var>
<arg>//span[contains(.,"${expected_message}")]</arg>
<doc>Returns the given values which can then be assigned to a variables.</doc>
<msg timestamp="20230917 20:44:20.321" level="INFO">${element} = //span[contains(.,"Informe o seu nome completo")]</msg>
<status status="PASS" starttime="20230917 20:44:20.320" endtime="20230917 20:44:20.322"/>
</kw>
<kw name="Click Button" library="SeleniumLibrary">
<arg>${cadastrar}</arg>
<doc>Clicks the button identified by ``locator``.</doc>
<msg timestamp="20230917 20:44:20.324" level="INFO">Clicking button 'xpath=//button[contains(.,'Cadastrar')]'.</msg>
<status status="PASS" starttime="20230917 20:44:20.323" endtime="20230917 20:44:20.552"/>
</kw>
<kw name="Element Should Be Visible" library="SeleniumLibrary">
<arg>${element}</arg>
<doc>Verifies that the element identified by ``locator`` is visible.</doc>
<msg timestamp="20230917 20:44:20.608" level="INFO">Element '//span[contains(.,"Informe o seu nome completo")]' is displayed.</msg>
<status status="PASS" starttime="20230917 20:44:20.552" endtime="20230917 20:44:20.608"/>
</kw>
<status status="PASS" starttime="20230917 20:44:20.318" endtime="20230917 20:44:20.608"/>
</kw>
<kw name="Alerts have texts" library="cadastro">
<arg>Informe o seu melhor email</arg>
<kw name="Set Variable" library="BuiltIn">
<var>${element}</var>
<arg>//span[contains(.,"${expected_message}")]</arg>
<doc>Returns the given values which can then be assigned to a variables.</doc>
<msg timestamp="20230917 20:44:20.609" level="INFO">${element} = //span[contains(.,"Informe o seu melhor email")]</msg>
<status status="PASS" starttime="20230917 20:44:20.609" endtime="20230917 20:44:20.609"/>
</kw>
<kw name="Click Button" library="SeleniumLibrary">
<arg>${cadastrar}</arg>
<doc>Clicks the button identified by ``locator``.</doc>
<msg timestamp="20230917 20:44:20.610" level="INFO">Clicking button 'xpath=//button[contains(.,'Cadastrar')]'.</msg>
<status status="PASS" starttime="20230917 20:44:20.609" endtime="20230917 20:44:20.769"/>
</kw>
<kw name="Element Should Be Visible" library="SeleniumLibrary">
<arg>${element}</arg>
<doc>Verifies that the element identified by ``locator`` is visible.</doc>
<msg timestamp="20230917 20:44:20.814" level="INFO">Element '//span[contains(.,"Informe o seu melhor email")]' is displayed.</msg>
<status status="PASS" starttime="20230917 20:44:20.770" endtime="20230917 20:44:20.815"/>
</kw>
<status status="PASS" starttime="20230917 20:44:20.608" endtime="20230917 20:44:20.815"/>
</kw>
<kw name="Alerts have texts" library="cadastro">
<arg>Informe o seu CPF</arg>
<kw name="Set Variable" library="BuiltIn">
<var>${element}</var>
<arg>//span[contains(.,"${expected_message}")]</arg>
<doc>Returns the given values which can then be assigned to a variables.</doc>
<msg timestamp="20230917 20:44:20.816" level="INFO">${element} = //span[contains(.,"Informe o seu CPF")]</msg>
<status status="PASS" starttime="20230917 20:44:20.815" endtime="20230917 20:44:20.816"/>
</kw>
<kw name="Click Button" library="SeleniumLibrary">
<arg>${cadastrar}</arg>
<doc>Clicks the button identified by ``locator``.</doc>
<msg timestamp="20230917 20:44:20.817" level="INFO">Clicking button 'xpath=//button[contains(.,'Cadastrar')]'.</msg>
<status status="PASS" starttime="20230917 20:44:20.816" endtime="20230917 20:44:20.971"/>
</kw>
<kw name="Element Should Be Visible" library="SeleniumLibrary">
<arg>${element}</arg>
<doc>Verifies that the element identified by ``locator`` is visible.</doc>
<msg timestamp="20230917 20:44:21.015" level="INFO">Element '//span[contains(.,"Informe o seu CPF")]' is displayed.</msg>
<status status="PASS" starttime="20230917 20:44:20.972" endtime="20230917 20:44:21.015"/>
</kw>
<status status="PASS" starttime="20230917 20:44:20.815" endtime="20230917 20:44:21.015"/>
</kw>
<kw name="Alerts have texts" library="cadastro">
<arg>Informe o seu CEP</arg>
<kw name="Set Variable" library="BuiltIn">
<var>${element}</var>
<arg>//span[contains(.,"${expected_message}")]</arg>
<doc>Returns the given values which can then be assigned to a variables.</doc>
<msg timestamp="20230917 20:44:21.016" level="INFO">${element} = //span[contains(.,"Informe o seu CEP")]</msg>
<status status="PASS" starttime="20230917 20:44:21.016" endtime="20230917 20:44:21.016"/>
</kw>
<kw name="Click Button" library="SeleniumLibrary">
<arg>${cadastrar}</arg>
<doc>Clicks the button identified by ``locator``.</doc>
<msg timestamp="20230917 20:44:21.019" level="INFO">Clicking button 'xpath=//button[contains(.,'Cadastrar')]'.</msg>
<status status="PASS" starttime="20230917 20:44:21.017" endtime="20230917 20:44:21.143"/>
</kw>
<kw name="Element Should Be Visible" library="SeleniumLibrary">
<arg>${element}</arg>
<doc>Verifies that the element identified by ``locator`` is visible.</doc>
<msg timestamp="20230917 20:44:21.189" level="INFO">Element '//span[contains(.,"Informe o seu CEP")]' is displayed.</msg>
<status status="PASS" starttime="20230917 20:44:21.143" endtime="20230917 20:44:21.189"/>
</kw>
<status status="PASS" starttime="20230917 20:44:21.015" endtime="20230917 20:44:21.190"/>
</kw>
<kw name="Alerts have texts" library="cadastro">
<arg>Informe um número maior que zero</arg>
<kw name="Set Variable" library="BuiltIn">
<var>${element}</var>
<arg>//span[contains(.,"${expected_message}")]</arg>
<doc>Returns the given values which can then be assigned to a variables.</doc>
<msg timestamp="20230917 20:44:21.193" level="INFO">${element} = //span[contains(.,"Informe um número maior que zero")]</msg>
<status status="PASS" starttime="20230917 20:44:21.192" endtime="20230917 20:44:21.193"/>
</kw>
<kw name="Click Button" library="SeleniumLibrary">
<arg>${cadastrar}</arg>
<doc>Clicks the button identified by ``locator``.</doc>
<msg timestamp="20230917 20:44:21.194" level="INFO">Clicking button 'xpath=//button[contains(.,'Cadastrar')]'.</msg>
<status status="PASS" starttime="20230917 20:44:21.193" endtime="20230917 20:44:21.343"/>
</kw>
<kw name="Element Should Be Visible" library="SeleniumLibrary">
<arg>${element}</arg>
<doc>Verifies that the element identified by ``locator`` is visible.</doc>
<msg timestamp="20230917 20:44:21.382" level="INFO">Element '//span[contains(.,"Informe um número maior que zero")]' is displayed.</msg>
<status status="PASS" starttime="20230917 20:44:21.344" endtime="20230917 20:44:21.382"/>
</kw>
<status status="PASS" starttime="20230917 20:44:21.190" endtime="20230917 20:44:21.382"/>
</kw>
<kw name="Alerts have texts" library="cadastro">
<arg>Adcione um documento com foto (RG ou CHN)</arg>
<kw name="Set Variable" library="BuiltIn">
<var>${element}</var>
<arg>//span[contains(.,"${expected_message}")]</arg>
<doc>Returns the given values which can then be assigned to a variables.</doc>
<msg timestamp="20230917 20:44:21.384" level="INFO">${element} = //span[contains(.,"Adcione um documento com foto (RG ou CHN)")]</msg>
<status status="PASS" starttime="20230917 20:44:21.383" endtime="20230917 20:44:21.385"/>
</kw>
<kw name="Click Button" library="SeleniumLibrary">
<arg>${cadastrar}</arg>
<doc>Clicks the button identified by ``locator``.</doc>
<msg timestamp="20230917 20:44:21.387" level="INFO">Clicking button 'xpath=//button[contains(.,'Cadastrar')]'.</msg>
<status status="PASS" starttime="20230917 20:44:21.385" endtime="20230917 20:44:21.515"/>
</kw>
<kw name="Element Should Be Visible" library="SeleniumLibrary">
<arg>${element}</arg>
<doc>Verifies that the element identified by ``locator`` is visible.</doc>
<msg timestamp="20230917 20:44:21.558" level="INFO">Element '//span[contains(.,"Adcione um documento com foto (RG ou CHN)")]' is displayed.</msg>
<status status="PASS" starttime="20230917 20:44:21.516" endtime="20230917 20:44:21.558"/>
</kw>
<status status="PASS" starttime="20230917 20:44:21.383" endtime="20230917 20:44:21.558"/>
</kw>
<status status="PASS" starttime="20230917 20:44:20.317" endtime="20230917 20:44:21.559"/>
</kw>
<kw name="Encerrar Sessão" library="main" type="TEARDOWN">
<kw name="Close Browser" library="SeleniumLibrary">
<doc>Closes the current browser.</doc>
<status status="PASS" starttime="20230917 20:44:21.560" endtime="20230917 20:44:23.933"/>
</kw>
<status status="PASS" starttime="20230917 20:44:21.559" endtime="20230917 20:44:23.934"/>
</kw>
<tag>TC04</tag>
<status status="PASS" starttime="20230917 20:44:15.078" endtime="20230917 20:44:23.935"/>
</test>
<test id="s1-s1-t6" name="TC 05 - Não deve submeter sem o nome completo" line="40">
<kw name="Iniciar Sessão" library="main" type="SETUP">
<kw name="Open Browser" library="SeleniumLibrary">
<arg>${url}</arg>
<arg>${chrome}</arg>
<doc>Opens a new browser instance to the optional ``url``.</doc>
<msg timestamp="20230917 20:44:23.944" level="INFO">Opening browser 'chrome' to base url 'https://walkdog.vercel.app/'.</msg>
<status status="PASS" starttime="20230917 20:44:23.943" endtime="20230917 20:44:27.712"/>
</kw>
<kw name="Set Window Size" library="SeleniumLibrary">
<arg>1366</arg>
<arg>768</arg>
<doc>Sets current windows size to given ``width`` and ``height``.</doc>
<status status="PASS" starttime="20230917 20:44:27.712" endtime="20230917 20:44:27.872"/>
</kw>
<status status="PASS" starttime="20230917 20:44:23.943" endtime="20230917 20:44:27.873"/>
</kw>
<kw name="Clicar em quero ser um dogwlaker" library="cadastro">
<kw name="Wait Until Element Is Visible" library="SeleniumLibrary">
<arg>${button}</arg>
<doc>Waits until the element ``locator`` is visible.</doc>
<status status="PASS" starttime="20230917 20:44:27.877" endtime="20230917 20:44:27.946"/>
</kw>
<kw name="Click Element" library="SeleniumLibrary">
<arg>${button}</arg>
<doc>Click the element identified by ``locator``.</doc>
<msg timestamp="20230917 20:44:27.947" level="INFO">Clicking element 'css=a[href="/signup"]'.</msg>
<status status="PASS" starttime="20230917 20:44:27.946" endtime="20230917 20:44:28.125"/>
</kw>
<kw name="Go To" library="SeleniumLibrary">
<arg>${signup}</arg>
<doc>Navigates the current browser window to the provided ``url``.</doc>
<msg timestamp="20230917 20:44:28.126" level="INFO">Opening url 'https://walkdog.vercel.app//signup'</msg>
<status status="PASS" starttime="20230917 20:44:28.125" endtime="20230917 20:44:28.479"/>
</kw>
<kw name="Wait Until Element Is Visible" library="SeleniumLibrary">
<arg>css=img[alt="Walkdog"]</arg>
<doc>Waits until the element ``locator`` is visible.</doc>
<status status="PASS" starttime="20230917 20:44:28.479" endtime="20230917 20:44:28.549"/>
</kw>
<status status="PASS" starttime="20230917 20:44:27.876" endtime="20230917 20:44:28.550"/>
</kw>
<kw name="Valida o titulo e subtitulo do cadastro" library="cadastro">
<kw name="Page Should Contain" library="SeleniumLibrary">
<arg>text=${title}</arg>
<doc>Verifies that current page contains ``text``.</doc>
<msg timestamp="20230917 20:44:28.608" level="INFO">Current page contains text 'Walkdog by Papito'.</msg>
<status status="PASS" starttime="20230917 20:44:28.556" endtime="20230917 20:44:28.608"/>
</kw>
<kw name="Page Should Contain" library="SeleniumLibrary">
<arg>text=${phrase}</arg>
<doc>Verifies that current page contains ``text``.</doc>
<msg timestamp="20230917 20:44:28.638" level="INFO">Current page contains text 'Use nosso aplicativo para ganhar dinheiro fazendo o que ama: cuidar de pets'.</msg>
<status status="PASS" starttime="20230917 20:44:28.609" endtime="20230917 20:44:28.638"/>
</kw>
<status status="PASS" starttime="20230917 20:44:28.553" endtime="20230917 20:44:28.638"/>
</kw>
<kw name="Preenche o email correto" library="cadastro" sourcename="Preenche o ${email} correto">
<kw name="Wait Until Element Is Visible" library="SeleniumLibrary">
<arg>css=${input_email}</arg>
<doc>Waits until the element ``locator`` is visible.</doc>
<status status="PASS" starttime="20230917 20:44:28.641" endtime="20230917 20:44:28.681"/>
</kw>
<kw name="Free Email" library="FakerLibrary">
<var>${email}</var>
<msg timestamp="20230917 20:44:28.682" level="INFO">${email} = vicentearaujo@hotmail.com</msg>
<status status="PASS" starttime="20230917 20:44:28.682" endtime="20230917 20:44:28.682"/>
</kw>
<kw name="Input Text" library="SeleniumLibrary">
<arg>css=${input_email}</arg>
<arg>${email}</arg>
<doc>Types the given ``text`` into the text field identified by ``locator``.</doc>
<msg timestamp="20230917 20:44:28.683" level="INFO">Typing text 'vicentearaujo@hotmail.com' into text field 'css=input[name="email"]'.</msg>
<status status="PASS" starttime="20230917 20:44:28.682" endtime="20230917 20:44:29.125"/>
</kw>
<status status="PASS" starttime="20230917 20:44:28.640" endtime="20230917 20:44:29.125"/>
</kw>
<kw name="Preenche com o cpf válido" library="cadastro" sourcename="Preenche com o ${cpf} válido">
<kw name="Wait Until Element Is Visible" library="SeleniumLibrary">
<arg>css=${input_cpf}</arg>
<doc>Waits until the element ``locator`` is visible.</doc>
<status status="PASS" starttime="20230917 20:44:29.128" endtime="20230917 20:44:29.188"/>
</kw>
<kw name="Input Text" library="SeleniumLibrary">
<arg>css=${input_cpf}</arg>
<arg>36431207025</arg>
<doc>Types the given ``text`` into the text field identified by ``locator``.</doc>
<msg timestamp="20230917 20:44:29.191" level="INFO">Typing text '36431207025' into text field 'css=input[name="cpf"]'.</msg>
<status status="PASS" starttime="20230917 20:44:29.188" endtime="20230917 20:44:29.443"/>
</kw>
<status status="PASS" starttime="20230917 20:44:29.126" endtime="20230917 20:44:29.443"/>
</kw>
<kw name="Preencher os campos de endereço do cadastro" library="cadastro">
<kw name="Preenche o &quot;CEP&quot; válido" library="cadastro" sourcename="Preenche o ${CEP} válido">
<kw name="Wait Until Element Is Visible" library="SeleniumLibrary">
<arg>css=${input_cep}</arg>
<doc>Waits until the element ``locator`` is visible.</doc>
<status status="PASS" starttime="20230917 20:44:29.445" endtime="20230917 20:44:29.492"/>
</kw>
<kw name="Catenate" library="BuiltIn">
<var>${CEP}</var>
<arg>SEPARATOR=-</arg>
<doc>Catenates the given items together and returns the resulted string.</doc>
<msg timestamp="20230917 20:44:29.492" level="INFO">${CEP} = </msg>
<status status="PASS" starttime="20230917 20:44:29.492" endtime="20230917 20:44:29.493"/>
</kw>
<kw name="Postcode" library="FakerLibrary">
<var>${CEP}</var>
<doc>Randomly returns a postcode.
:param formatted: True to allow formatted postcodes, else False (default True)
:example formatted: '41224-212' '83992-291' '12324322'
:example raw: '43920231' '34239530'</doc>
<msg timestamp="20230917 20:44:29.493" level="INFO">${CEP} = 47900946</msg>
<status status="PASS" starttime="20230917 20:44:29.493" endtime="20230917 20:44:29.493"/>
</kw>
<kw name="Input Text" library="SeleniumLibrary">
<arg>css=${input_cep}</arg>
<arg>${CEP}</arg>
<doc>Types the given ``text`` into the text field identified by ``locator``.</doc>
<msg timestamp="20230917 20:44:29.495" level="INFO">Typing text '47900946' into text field 'css=input[name="cep"]'.</msg>
<status status="PASS" starttime="20230917 20:44:29.493" endtime="20230917 20:44:29.731"/>
</kw>
<kw name="Click Button" library="SeleniumLibrary">
<arg>css=${buscar_cep}</arg>
<doc>Clicks the button identified by ``locator``.</doc>
<msg timestamp="20230917 20:44:29.732" level="INFO">Clicking button 'css=input[type="button"]'.</msg>
<status status="PASS" starttime="20230917 20:44:29.731" endtime="20230917 20:44:29.876"/>
</kw>
<kw name="Element Should Be Disabled" library="SeleniumLibrary">
<arg>css=${input_adrress}</arg>
<doc>Verifies that element identified by ``locator`` is disabled.</doc>
<status status="PASS" starttime="20230917 20:44:29.877" endtime="20230917 20:44:29.914"/>
</kw>
<kw name="Random Digit Not Null" library="FakerLibrary">
<var>${number}</var>
<doc>Generate a random non-zero digit (1 to 9).</doc>
<msg timestamp="20230917 20:44:29.915" level="INFO">${number} = 2</msg>
<status status="PASS" starttime="20230917 20:44:29.914" endtime="20230917 20:44:29.915"/>
</kw>
<kw name="Input Text" library="SeleniumLibrary">
<arg>css=${input_number}</arg>
<arg>${number}</arg>
<doc>Types the given ``text`` into the text field identified by ``locator``.</doc>
<msg timestamp="20230917 20:44:29.915" level="INFO">Typing text '2' into text field 'css=input[name="addressNumber"]'.</msg>
<status status="PASS" starttime="20230917 20:44:29.915" endtime="20230917 20:44:30.091"/>
</kw>
<kw name="Input Text" library="SeleniumLibrary">
<arg>css=${input_details}</arg>
<arg>Apto 2</arg>
<doc>Types the given ``text`` into the text field identified by ``locator``.</doc>
<msg timestamp="20230917 20:44:30.093" level="INFO">Typing text 'Apto 2' into text field 'css=input[name="addressDetails"]'.</msg>
<status status="PASS" starttime="20230917 20:44:30.092" endtime="20230917 20:44:30.322"/>
</kw>
<kw name="Element Should Be Disabled" library="SeleniumLibrary">
<arg>css=${input_district}</arg>
<doc>Verifies that element identified by ``locator`` is disabled.</doc>
<status status="PASS" starttime="20230917 20:44:30.323" endtime="20230917 20:44:30.371"/>
</kw>
<kw name="Element Should Be Disabled" library="SeleniumLibrary">
<arg>css=${input_cityUF}</arg>
<doc>Verifies that element identified by ``locator`` is disabled.</doc>
<status status="PASS" starttime="20230917 20:44:30.371" endtime="20230917 20:44:30.416"/>
</kw>
<status status="PASS" starttime="20230917 20:44:29.444" endtime="20230917 20:44:30.416"/>
</kw>
<status status="PASS" starttime="20230917 20:44:29.444" endtime="20230917 20:44:30.417"/>
</kw>
<kw name="Adicione documento para cadastro" library="cadastro">
<kw name="Choose File" library="SeleniumLibrary">
<arg>css=${input_file}</arg>
<arg>${documento}</arg>
<doc>Inputs the ``file_path`` into the file input field ``locator``.</doc>
<msg timestamp="20230917 20:44:30.423" level="INFO">Sending C:\Users\user\Desktop\robot\walkdog-robot\images.jpeg to browser.</msg>
<status status="PASS" starttime="20230917 20:44:30.420" endtime="20230917 20:44:30.510"/>
</kw>
<status status="PASS" starttime="20230917 20:44:30.418" endtime="20230917 20:44:30.510"/>
</kw>
<kw name="Submete o cadastro" library="cadastro">
<kw name="Click Element" library="SeleniumLibrary">
<arg>${cadastrar}</arg>
<doc>Click the element identified by ``locator``.</doc>
<msg timestamp="20230917 20:44:30.512" level="INFO">Clicking element 'xpath=//button[contains(.,'Cadastrar')]'.</msg>
<status status="PASS" starttime="20230917 20:44:30.511" endtime="20230917 20:44:30.627"/>
</kw>
<status status="PASS" starttime="20230917 20:44:30.511" endtime="20230917 20:44:30.627"/>
</kw>
<kw name="Alerts have texts" library="cadastro">
<arg>Informe o seu nome completo</arg>
<kw name="Set Variable" library="BuiltIn">
<var>${element}</var>
<arg>//span[contains(.,"${expected_message}")]</arg>
<doc>Returns the given values which can then be assigned to a variables.</doc>
<msg timestamp="20230917 20:44:30.629" level="INFO">${element} = //span[contains(.,"Informe o seu nome completo")]</msg>
<status status="PASS" starttime="20230917 20:44:30.628" endtime="20230917 20:44:30.629"/>
</kw>
<kw name="Click Button" library="SeleniumLibrary">
<arg>${cadastrar}</arg>
<doc>Clicks the button identified by ``locator``.</doc>
<msg timestamp="20230917 20:44:30.631" level="INFO">Clicking button 'xpath=//button[contains(.,'Cadastrar')]'.</msg>
<status status="PASS" starttime="20230917 20:44:30.629" endtime="20230917 20:44:30.748"/>
</kw>
<kw name="Element Should Be Visible" library="SeleniumLibrary">
<arg>${element}</arg>
<doc>Verifies that the element identified by ``locator`` is visible.</doc>
<msg timestamp="20230917 20:44:30.804" level="INFO">Element '//span[contains(.,"Informe o seu nome completo")]' is displayed.</msg>
<status status="PASS" starttime="20230917 20:44:30.748" endtime="20230917 20:44:30.805"/>
</kw>
<status status="PASS" starttime="20230917 20:44:30.628" endtime="20230917 20:44:30.805"/>
</kw>
<kw name="Take Screenshot" library="Screenshot">
<doc>Takes a screenshot in JPEG format and embeds it into the log file.</doc>
<msg timestamp="20230917 20:44:30.918" level="INFO" html="true">&lt;a href="screenshot_3.jpg"&gt;&lt;img src="screenshot_3.jpg" width="800px"&gt;&lt;/a&gt;</msg>
<status status="PASS" starttime="20230917 20:44:30.808" endtime="20230917 20:44:30.919"/>
</kw>
<kw name="Encerrar Sessão" library="main" type="TEARDOWN">
<kw name="Close Browser" library="SeleniumLibrary">
<doc>Closes the current browser.</doc>
<status status="PASS" starttime="20230917 20:44:30.926" endtime="20230917 20:44:33.491"/>
</kw>
<status status="PASS" starttime="20230917 20:44:30.924" endtime="20230917 20:44:33.491"/>
</kw>
<tag>TC05</tag>
<status status="PASS" starttime="20230917 20:44:23.941" endtime="20230917 20:44:33.491"/>
</test>
<test id="s1-s1-t7" name="TC 06 - Não deve submeter sem o email" line="52">
<kw name="Iniciar Sessão" library="main" type="SETUP">
<kw name="Open Browser" library="SeleniumLibrary">
<arg>${url}</arg>
<arg>${chrome}</arg>
<doc>Opens a new browser instance to the optional ``url``.</doc>
<msg timestamp="20230917 20:44:33.495" level="INFO">Opening browser 'chrome' to base url 'https://walkdog.vercel.app/'.</msg>
<status status="PASS" starttime="20230917 20:44:33.494" endtime="20230917 20:44:37.763"/>
</kw>
<kw name="Set Window Size" library="SeleniumLibrary">
<arg>1366</arg>
<arg>768</arg>
<doc>Sets current windows size to given ``width`` and ``height``.</doc>
<status status="PASS" starttime="20230917 20:44:37.763" endtime="20230917 20:44:37.911"/>
</kw>
<status status="PASS" starttime="20230917 20:44:33.494" endtime="20230917 20:44:37.911"/>
</kw>
<kw name="Clicar em quero ser um dogwlaker" library="cadastro">
<kw name="Wait Until Element Is Visible" library="SeleniumLibrary">
<arg>${button}</arg>
<doc>Waits until the element ``locator`` is visible.</doc>
<status status="PASS" starttime="20230917 20:44:37.913" endtime="20230917 20:44:38.054"/>
</kw>
<kw name="Click Element" library="SeleniumLibrary">
<arg>${button}</arg>
<doc>Click the element identified by ``locator``.</doc>
<msg timestamp="20230917 20:44:38.057" level="INFO">Clicking element 'css=a[href="/signup"]'.</msg>
<status status="PASS" starttime="20230917 20:44:38.055" endtime="20230917 20:44:38.356"/>
</kw>
<kw name="Go To" library="SeleniumLibrary">
<arg>${signup}</arg>
<doc>Navigates the current browser window to the provided ``url``.</doc>
<msg timestamp="20230917 20:44:38.360" level="INFO">Opening url 'https://walkdog.vercel.app//signup'</msg>
<status status="PASS" starttime="20230917 20:44:38.358" endtime="20230917 20:44:38.755"/>
</kw>
<kw name="Wait Until Element Is Visible" library="SeleniumLibrary">
<arg>css=img[alt="Walkdog"]</arg>
<doc>Waits until the element ``locator`` is visible.</doc>
<status status="PASS" starttime="20230917 20:44:38.756" endtime="20230917 20:44:38.839"/>
</kw>
<status status="PASS" starttime="20230917 20:44:37.912" endtime="20230917 20:44:38.839"/>
</kw>
<kw name="Valida o titulo e subtitulo do cadastro" library="cadastro">
<kw name="Page Should Contain" library="SeleniumLibrary">
<arg>text=${title}</arg>
<doc>Verifies that current page contains ``text``.</doc>
<msg timestamp="20230917 20:44:38.890" level="INFO">Current page contains text 'Walkdog by Papito'.</msg>
<status status="PASS" starttime="20230917 20:44:38.842" endtime="20230917 20:44:38.890"/>
</kw>
<kw name="Page Should Contain" library="SeleniumLibrary">
<arg>text=${phrase}</arg>
<doc>Verifies that current page contains ``text``.</doc>
<msg timestamp="20230917 20:44:38.929" level="INFO">Current page contains text 'Use nosso aplicativo para ganhar dinheiro fazendo o que ama: cuidar de pets'.</msg>
<status status="PASS" starttime="20230917 20:44:38.891" endtime="20230917 20:44:38.929"/>
</kw>
<status status="PASS" starttime="20230917 20:44:38.840" endtime="20230917 20:44:38.929"/>
</kw>
<kw name="Preenche o name lastname completo" library="cadastro" sourcename="Preenche o ${name} ${lastname} completo">
<kw name="Wait Until Element Is Visible" library="SeleniumLibrary">
<arg>css=${input_name}</arg>
<doc>Waits until the element ``locator`` is visible.</doc>
<status status="PASS" starttime="20230917 20:44:38.931" endtime="20230917 20:44:38.979"/>
</kw>
<kw name="First Name" library="FakerLibrary">
<var>${name}</var>
<msg timestamp="20230917 20:44:38.980" level="INFO">${name} = Arthur</msg>
<status status="PASS" starttime="20230917 20:44:38.979" endtime="20230917 20:44:38.980"/>
</kw>
<kw name="Last Name" library="FakerLibrary">
<var>${lastname}</var>
<msg timestamp="20230917 20:44:38.980" level="INFO">${lastname} = Rocha</msg>
<status status="PASS" starttime="20230917 20:44:38.980" endtime="20230917 20:44:38.980"/>
</kw>
<kw name="Input Text" library="SeleniumLibrary">
<arg>css=${input_name}</arg>
<arg>${name} ${lastname}</arg>
<doc>Types the given ``text`` into the text field identified by ``locator``.</doc>
<msg timestamp="20230917 20:44:38.981" level="INFO">Typing text 'Arthur Rocha' into text field 'css=input[name="name"]'.</msg>
<status status="PASS" starttime="20230917 20:44:38.980" endtime="20230917 20:44:39.332"/>
</kw>
<status status="PASS" starttime="20230917 20:44:38.930" endtime="20230917 20:44:39.332"/>
</kw>
<kw name="Preenche com o cpf válido" library="cadastro" sourcename="Preenche com o ${cpf} válido">
<kw name="Wait Until Element Is Visible" library="SeleniumLibrary">
<arg>css=${input_cpf}</arg>
<doc>Waits until the element ``locator`` is visible.</doc>
<status status="PASS" starttime="20230917 20:44:39.334" endtime="20230917 20:44:39.377"/>
</kw>
<kw name="Input Text" library="SeleniumLibrary">
<arg>css=${input_cpf}</arg>
<arg>36431207025</arg>
<doc>Types the given ``text`` into the text field identified by ``locator``.</doc>
<msg timestamp="20230917 20:44:39.378" level="INFO">Typing text '36431207025' into text field 'css=input[name="cpf"]'.</msg>
<status status="PASS" starttime="20230917 20:44:39.377" endtime="20230917 20:44:39.665"/>
</kw>
<status status="PASS" starttime="20230917 20:44:39.333" endtime="20230917 20:44:39.665"/>
</kw>
<kw name="Preencher os campos de endereço do cadastro" library="cadastro">
<kw name="Preenche o &quot;CEP&quot; válido" library="cadastro" sourcename="Preenche o ${CEP} válido">
<kw name="Wait Until Element Is Visible" library="SeleniumLibrary">
<arg>css=${input_cep}</arg>
<doc>Waits until the element ``locator`` is visible.</doc>
<status status="PASS" starttime="20230917 20:44:39.671" endtime="20230917 20:44:39.726"/>
</kw>
<kw name="Catenate" library="BuiltIn">
<var>${CEP}</var>
<arg>SEPARATOR=-</arg>
<doc>Catenates the given items together and returns the resulted string.</doc>
<msg timestamp="20230917 20:44:39.727" level="INFO">${CEP} = </msg>
<status status="PASS" starttime="20230917 20:44:39.726" endtime="20230917 20:44:39.727"/>
</kw>
<kw name="Postcode" library="FakerLibrary">
<var>${CEP}</var>
<doc>Randomly returns a postcode.
:param formatted: True to allow formatted postcodes, else False (default True)
:example formatted: '41224-212' '83992-291' '12324322'
:example raw: '43920231' '34239530'</doc>
<msg timestamp="20230917 20:44:39.728" level="INFO">${CEP} = 91519538</msg>
<status status="PASS" starttime="20230917 20:44:39.727" endtime="20230917 20:44:39.728"/>
</kw>
<kw name="Input Text" library="SeleniumLibrary">
<arg>css=${input_cep}</arg>
<arg>${CEP}</arg>
<doc>Types the given ``text`` into the text field identified by ``locator``.</doc>
<msg timestamp="20230917 20:44:39.729" level="INFO">Typing text '91519538' into text field 'css=input[name="cep"]'.</msg>
<status status="PASS" starttime="20230917 20:44:39.728" endtime="20230917 20:44:40.017"/>
</kw>
<kw name="Click Button" library="SeleniumLibrary">
<arg>css=${buscar_cep}</arg>
<doc>Clicks the button identified by ``locator``.</doc>
<msg timestamp="20230917 20:44:40.019" level="INFO">Clicking button 'css=input[type="button"]'.</msg>
<status status="PASS" starttime="20230917 20:44:40.017" endtime="20230917 20:44:40.181"/>
</kw>
<kw name="Element Should Be Disabled" library="SeleniumLibrary">
<arg>css=${input_adrress}</arg>
<doc>Verifies that element identified by ``locator`` is disabled.</doc>
<status status="PASS" starttime="20230917 20:44:40.181" endtime="20230917 20:44:40.238"/>
</kw>
<kw name="Random Digit Not Null" library="FakerLibrary">
<var>${number}</var>
<doc>Generate a random non-zero digit (1 to 9).</doc>
<msg timestamp="20230917 20:44:40.239" level="INFO">${number} = 4</msg>
<status status="PASS" starttime="20230917 20:44:40.238" endtime="20230917 20:44:40.239"/>
</kw>
<kw name="Input Text" library="SeleniumLibrary">
<arg>css=${input_number}</arg>
<arg>${number}</arg>
<doc>Types the given ``text`` into the text field identified by ``locator``.</doc>
<msg timestamp="20230917 20:44:40.242" level="INFO">Typing text '4' into text field 'css=input[name="addressNumber"]'.</msg>
<status status="PASS" starttime="20230917 20:44:40.240" endtime="20230917 20:44:40.460"/>
</kw>
<kw name="Input Text" library="SeleniumLibrary">
<arg>css=${input_details}</arg>
<arg>Apto 2</arg>
<doc>Types the given ``text`` into the text field identified by ``locator``.</doc>
<msg timestamp="20230917 20:44:40.461" level="INFO">Typing text 'Apto 2' into text field 'css=input[name="addressDetails"]'.</msg>
<status status="PASS" starttime="20230917 20:44:40.460" endtime="20230917 20:44:40.671"/>
</kw>
<kw name="Element Should Be Disabled" library="SeleniumLibrary">
<arg>css=${input_district}</arg>
<doc>Verifies that element identified by ``locator`` is disabled.</doc>
<status status="PASS" starttime="20230917 20:44:40.671" endtime="20230917 20:44:40.710"/>
</kw>
<kw name="Element Should Be Disabled" library="SeleniumLibrary">
<arg>css=${input_cityUF}</arg>
<doc>Verifies that element identified by ``locator`` is disabled.</doc>
<status status="PASS" starttime="20230917 20:44:40.710" endtime="20230917 20:44:40.746"/>
</kw>
<status status="PASS" starttime="20230917 20:44:39.669" endtime="20230917 20:44:40.746"/>
</kw>
<status status="PASS" starttime="20230917 20:44:39.667" endtime="20230917 20:44:40.747"/>
</kw>
<kw name="Adicione documento para cadastro" library="cadastro">
<kw name="Choose File" library="SeleniumLibrary">
<arg>css=${input_file}</arg>
<arg>${documento}</arg>
<doc>Inputs the ``file_path`` into the file input field ``locator``.</doc>
<msg timestamp="20230917 20:44:40.750" level="INFO">Sending C:\Users\user\Desktop\robot\walkdog-robot\images.jpeg to browser.</msg>
<status status="PASS" starttime="20230917 20:44:40.748" endtime="20230917 20:44:40.827"/>
</kw>
<status status="PASS" starttime="20230917 20:44:40.748" endtime="20230917 20:44:40.827"/>
</kw>
<kw name="Submete o cadastro" library="cadastro">
<kw name="Click Element" library="SeleniumLibrary">
<arg>${cadastrar}</arg>
[...]
<status status="PASS" starttime="20230917 20:45:10.519" endtime="20230917 20:45:10.658"/>
</kw>
<status status="PASS" starttime="20230917 20:45:10.516" endtime="20230917 20:45:10.658"/>
</kw>
<kw name="Alerts have texts" library="cadastro">
<arg>Informe um número maior que zero</arg>
<kw name="Set Variable" library="BuiltIn">
<var>${element}</var>
<arg>//span[contains(.,"${expected_message}")]</arg>
<doc>Returns the given values which can then be assigned to a variables.</doc>
<msg timestamp="20230917 20:45:10.661" level="INFO">${element} = //span[contains(.,"Informe um número maior que zero")]</msg>
<status status="PASS" starttime="20230917 20:45:10.660" endtime="20230917 20:45:10.661"/>
</kw>
<kw name="Click Button" library="SeleniumLibrary">
<arg>${cadastrar}</arg>
<doc>Clicks the button identified by ``locator``.</doc>
<msg timestamp="20230917 20:45:10.662" level="INFO">Clicking button 'xpath=//button[contains(.,'Cadastrar')]'.</msg>
<status status="PASS" starttime="20230917 20:45:10.661" endtime="20230917 20:45:10.827"/>
</kw>
<kw name="Element Should Be Visible" library="SeleniumLibrary">
<arg>${element}</arg>
<doc>Verifies that the element identified by ``locator`` is visible.</doc>
<msg timestamp="20230917 20:45:10.888" level="INFO">Element '//span[contains(.,"Informe um número maior que zero")]' is displayed.</msg>
<status status="PASS" starttime="20230917 20:45:10.827" endtime="20230917 20:45:10.888"/>
</kw>
<status status="PASS" starttime="20230917 20:45:10.659" endtime="20230917 20:45:10.889"/>
</kw>
<kw name="Take Screenshot" library="Screenshot">
<doc>Takes a screenshot in JPEG format and embeds it into the log file.</doc>
<msg timestamp="20230917 20:45:10.987" level="INFO" html="true">&lt;a href="screenshot_7.jpg"&gt;&lt;img src="screenshot_7.jpg" width="800px"&gt;&lt;/a&gt;</msg>
<status status="PASS" starttime="20230917 20:45:10.890" endtime="20230917 20:45:10.988"/>
</kw>
<kw name="Encerrar Sessão" library="main" type="TEARDOWN">
<kw name="Close Browser" library="SeleniumLibrary">
<doc>Closes the current browser.</doc>
<status status="PASS" starttime="20230917 20:45:10.994" endtime="20230917 20:45:13.745"/>
</kw>
<status status="PASS" starttime="20230917 20:45:10.992" endtime="20230917 20:45:13.745"/>
</kw>
<tag>TC09</tag>
<status status="PASS" starttime="20230917 20:45:03.277" endtime="20230917 20:45:13.746"/>
</test>
<test id="s1-s1-t11" name="TC 10 - Não deve submeter sem o documento" line="94">
<kw name="Iniciar Sessão" library="main" type="SETUP">
<kw name="Open Browser" library="SeleniumLibrary">
<arg>${url}</arg>
<arg>${chrome}</arg>
<doc>Opens a new browser instance to the optional ``url``.</doc>
<msg timestamp="20230917 20:45:13.756" level="INFO">Opening browser 'chrome' to base url 'https://walkdog.vercel.app/'.</msg>
<status status="PASS" starttime="20230917 20:45:13.753" endtime="20230917 20:45:18.114"/>
</kw>
<kw name="Set Window Size" library="SeleniumLibrary">
<arg>1366</arg>
<arg>768</arg>
<doc>Sets current windows size to given ``width`` and ``height``.</doc>
<status status="PASS" starttime="20230917 20:45:18.115" endtime="20230917 20:45:18.291"/>
</kw>
<status status="PASS" starttime="20230917 20:45:13.753" endtime="20230917 20:45:18.292"/>
</kw>
<kw name="Clicar em quero ser um dogwlaker" library="cadastro">
<kw name="Wait Until Element Is Visible" library="SeleniumLibrary">
<arg>${button}</arg>
<doc>Waits until the element ``locator`` is visible.</doc>
<status status="PASS" starttime="20230917 20:45:18.296" endtime="20230917 20:45:18.400"/>
</kw>
<kw name="Click Element" library="SeleniumLibrary">
<arg>${button}</arg>
<doc>Click the element identified by ``locator``.</doc>
<msg timestamp="20230917 20:45:18.402" level="INFO">Clicking element 'css=a[href="/signup"]'.</msg>
<status status="PASS" starttime="20230917 20:45:18.401" endtime="20230917 20:45:18.778"/>
</kw>
<kw name="Go To" library="SeleniumLibrary">
<arg>${signup}</arg>
<doc>Navigates the current browser window to the provided ``url``.</doc>
<msg timestamp="20230917 20:45:18.779" level="INFO">Opening url 'https://walkdog.vercel.app//signup'</msg>
<status status="PASS" starttime="20230917 20:45:18.778" endtime="20230917 20:45:19.374"/>
</kw>
<kw name="Wait Until Element Is Visible" library="SeleniumLibrary">
<arg>css=img[alt="Walkdog"]</arg>
<doc>Waits until the element ``locator`` is visible.</doc>
<status status="PASS" starttime="20230917 20:45:19.374" endtime="20230917 20:45:19.547"/>
</kw>
<status status="PASS" starttime="20230917 20:45:18.292" endtime="20230917 20:45:19.548"/>
</kw>
<kw name="Valida o titulo e subtitulo do cadastro" library="cadastro">
<kw name="Page Should Contain" library="SeleniumLibrary">
<arg>text=${title}</arg>
<doc>Verifies that current page contains ``text``.</doc>
<msg timestamp="20230917 20:45:19.589" level="INFO">Current page contains text 'Walkdog by Papito'.</msg>
<status status="PASS" starttime="20230917 20:45:19.554" endtime="20230917 20:45:19.589"/>
</kw>
<kw name="Page Should Contain" library="SeleniumLibrary">
<arg>text=${phrase}</arg>
<doc>Verifies that current page contains ``text``.</doc>
<msg timestamp="20230917 20:45:19.629" level="INFO">Current page contains text 'Use nosso aplicativo para ganhar dinheiro fazendo o que ama: cuidar de pets'.</msg>
<status status="PASS" starttime="20230917 20:45:19.590" endtime="20230917 20:45:19.629"/>
</kw>
<status status="PASS" starttime="20230917 20:45:19.553" endtime="20230917 20:45:19.630"/>
</kw>
<kw name="Preencher os campos de dados do cadastro" library="cadastro">
<kw name="Preenche o &quot;name lastname&quot; completo" library="cadastro" sourcename="Preenche o ${name} ${lastname} completo">
<kw name="Wait Until Element Is Visible" library="SeleniumLibrary">
<arg>css=${input_name}</arg>
<doc>Waits until the element ``locator`` is visible.</doc>
<status status="PASS" starttime="20230917 20:45:19.634" endtime="20230917 20:45:19.708"/>
</kw>
<kw name="First Name" library="FakerLibrary">
<var>${name}</var>
<msg timestamp="20230917 20:45:19.709" level="INFO">${name} = Alexia</msg>
<status status="PASS" starttime="20230917 20:45:19.708" endtime="20230917 20:45:19.709"/>
</kw>
<kw name="Last Name" library="FakerLibrary">
<var>${lastname}</var>
<msg timestamp="20230917 20:45:19.710" level="INFO">${lastname} = Cavalcanti</msg>
<status status="PASS" starttime="20230917 20:45:19.710" endtime="20230917 20:45:19.710"/>
</kw>
<kw name="Input Text" library="SeleniumLibrary">
<arg>css=${input_name}</arg>
<arg>${name} ${lastname}</arg>
<doc>Types the given ``text`` into the text field identified by ``locator``.</doc>
<msg timestamp="20230917 20:45:19.712" level="INFO">Typing text 'Alexia Cavalcanti' into text field 'css=input[name="name"]'.</msg>
<status status="PASS" starttime="20230917 20:45:19.711" endtime="20230917 20:45:20.356"/>
</kw>
<status status="PASS" starttime="20230917 20:45:19.633" endtime="20230917 20:45:20.357"/>
</kw>
<kw name="Preenche o &quot;email&quot; correto" library="cadastro" sourcename="Preenche o ${email} correto">
<kw name="Wait Until Element Is Visible" library="SeleniumLibrary">
<arg>css=${input_email}</arg>
<doc>Waits until the element ``locator`` is visible.</doc>
<status status="PASS" starttime="20230917 20:45:20.358" endtime="20230917 20:45:20.444"/>
</kw>
<kw name="Free Email" library="FakerLibrary">
<var>${email}</var>
<msg timestamp="20230917 20:45:20.445" level="INFO">${email} = pedro-henrique33@bol.com.br</msg>
<status status="PASS" starttime="20230917 20:45:20.444" endtime="20230917 20:45:20.445"/>
</kw>
<kw name="Input Text" library="SeleniumLibrary">
<arg>css=${input_email}</arg>
<arg>${email}</arg>
<doc>Types the given ``text`` into the text field identified by ``locator``.</doc>
<msg timestamp="20230917 20:45:20.447" level="INFO">Typing text 'pedro-henrique33@bol.com.br' into text field 'css=input[name="email"]'.</msg>
<status status="PASS" starttime="20230917 20:45:20.446" endtime="20230917 20:45:20.986"/>
</kw>
<status status="PASS" starttime="20230917 20:45:20.357" endtime="20230917 20:45:20.988"/>
</kw>
<kw name="Preenche com o &quot;cpf&quot; válido" library="cadastro" sourcename="Preenche com o ${cpf} válido">
<kw name="Wait Until Element Is Visible" library="SeleniumLibrary">
<arg>css=${input_cpf}</arg>
<doc>Waits until the element ``locator`` is visible.</doc>
<status status="PASS" starttime="20230917 20:45:20.989" endtime="20230917 20:45:21.043"/>
</kw>
<kw name="Input Text" library="SeleniumLibrary">
<arg>css=${input_cpf}</arg>
<arg>36431207025</arg>
<doc>Types the given ``text`` into the text field identified by ``locator``.</doc>
<msg timestamp="20230917 20:45:21.044" level="INFO">Typing text '36431207025' into text field 'css=input[name="cpf"]'.</msg>
<status status="PASS" starttime="20230917 20:45:21.043" endtime="20230917 20:45:21.350"/>
</kw>
<status status="PASS" starttime="20230917 20:45:20.988" endtime="20230917 20:45:21.350"/>
</kw>
<status status="PASS" starttime="20230917 20:45:19.631" endtime="20230917 20:45:21.351"/>
</kw>
<kw name="Preencher os campos de endereço do cadastro" library="cadastro">
<kw name="Preenche o &quot;CEP&quot; válido" library="cadastro" sourcename="Preenche o ${CEP} válido">
<kw name="Wait Until Element Is Visible" library="SeleniumLibrary">
<arg>css=${input_cep}</arg>
<doc>Waits until the element ``locator`` is visible.</doc>
<status status="PASS" starttime="20230917 20:45:21.354" endtime="20230917 20:45:21.409"/>
</kw>
<kw name="Catenate" library="BuiltIn">
<var>${CEP}</var>
<arg>SEPARATOR=-</arg>
<doc>Catenates the given items together and returns the resulted string.</doc>
<msg timestamp="20230917 20:45:21.410" level="INFO">${CEP} = </msg>
<status status="PASS" starttime="20230917 20:45:21.409" endtime="20230917 20:45:21.410"/>
</kw>
<kw name="Postcode" library="FakerLibrary">
<var>${CEP}</var>
<doc>Randomly returns a postcode.
:param formatted: True to allow formatted postcodes, else False (default True)
:example formatted: '41224-212' '83992-291' '12324322'
:example raw: '43920231' '34239530'</doc>
<msg timestamp="20230917 20:45:21.411" level="INFO">${CEP} = 51369249</msg>
<status status="PASS" starttime="20230917 20:45:21.410" endtime="20230917 20:45:21.411"/>
</kw>
<kw name="Input Text" library="SeleniumLibrary">
<arg>css=${input_cep}</arg>
<arg>${CEP}</arg>
<doc>Types the given ``text`` into the text field identified by ``locator``.</doc>
<msg timestamp="20230917 20:45:21.412" level="INFO">Typing text '51369249' into text field 'css=input[name="cep"]'.</msg>
<status status="PASS" starttime="20230917 20:45:21.411" endtime="20230917 20:45:21.706"/>
</kw>
<kw name="Click Button" library="SeleniumLibrary">
<arg>css=${buscar_cep}</arg>
<doc>Clicks the button identified by ``locator``.</doc>
<msg timestamp="20230917 20:45:21.709" level="INFO">Clicking button 'css=input[type="button"]'.</msg>
<status status="PASS" starttime="20230917 20:45:21.707" endtime="20230917 20:45:21.878"/>
</kw>
<kw name="Element Should Be Disabled" library="SeleniumLibrary">
<arg>css=${input_adrress}</arg>
<doc>Verifies that element identified by ``locator`` is disabled.</doc>
<status status="PASS" starttime="20230917 20:45:21.878" endtime="20230917 20:45:21.923"/>
</kw>
<kw name="Random Digit Not Null" library="FakerLibrary">
<var>${number}</var>
<doc>Generate a random non-zero digit (1 to 9).</doc>
<msg timestamp="20230917 20:45:21.924" level="INFO">${number} = 3</msg>
<status status="PASS" starttime="20230917 20:45:21.924" endtime="20230917 20:45:21.924"/>
</kw>
<kw name="Input Text" library="SeleniumLibrary">
<arg>css=${input_number}</arg>
<arg>${number}</arg>
<doc>Types the given ``text`` into the text field identified by ``locator``.</doc>
<msg timestamp="20230917 20:45:21.924" level="INFO">Typing text '3' into text field 'css=input[name="addressNumber"]'.</msg>
<status status="PASS" starttime="20230917 20:45:21.924" endtime="20230917 20:45:22.238"/>
</kw>
<kw name="Input Text" library="SeleniumLibrary">
<arg>css=${input_details}</arg>
<arg>Apto 2</arg>
<doc>Types the given ``text`` into the text field identified by ``locator``.</doc>
<msg timestamp="20230917 20:45:22.240" level="INFO">Typing text 'Apto 2' into text field 'css=input[name="addressDetails"]'.</msg>
<status status="PASS" starttime="20230917 20:45:22.239" endtime="20230917 20:45:22.495"/>
</kw>
<kw name="Element Should Be Disabled" library="SeleniumLibrary">
<arg>css=${input_district}</arg>
<doc>Verifies that element identified by ``locator`` is disabled.</doc>
<status status="PASS" starttime="20230917 20:45:22.495" endtime="20230917 20:45:22.543"/>
</kw>
<kw name="Element Should Be Disabled" library="SeleniumLibrary">
<arg>css=${input_cityUF}</arg>
<doc>Verifies that element identified by ``locator`` is disabled.</doc>
<status status="PASS" starttime="20230917 20:45:22.543" endtime="20230917 20:45:22.587"/>
</kw>
<status status="PASS" starttime="20230917 20:45:21.353" endtime="20230917 20:45:22.587"/>
</kw>
<status status="PASS" starttime="20230917 20:45:21.352" endtime="20230917 20:45:22.587"/>
</kw>
<kw name="Submete o cadastro" library="cadastro">
<kw name="Click Element" library="SeleniumLibrary">
<arg>${cadastrar}</arg>
<doc>Click the element identified by ``locator``.</doc>
<msg timestamp="20230917 20:45:22.590" level="INFO">Clicking element 'xpath=//button[contains(.,'Cadastrar')]'.</msg>
<status status="PASS" starttime="20230917 20:45:22.589" endtime="20230917 20:45:22.741"/>
</kw>
<status status="PASS" starttime="20230917 20:45:22.588" endtime="20230917 20:45:22.741"/>
</kw>
<kw name="Alerts have texts" library="cadastro">
<arg>Adcione um documento com foto (RG ou CHN)</arg>
<kw name="Set Variable" library="BuiltIn">
<var>${element}</var>
<arg>//span[contains(.,"${expected_message}")]</arg>
<doc>Returns the given values which can then be assigned to a variables.</doc>
<msg timestamp="20230917 20:45:22.749" level="INFO">${element} = //span[contains(.,"Adcione um documento com foto (RG ou CHN)")]</msg>
<status status="PASS" starttime="20230917 20:45:22.748" endtime="20230917 20:45:22.749"/>
</kw>
<kw name="Click Button" library="SeleniumLibrary">
<arg>${cadastrar}</arg>
<doc>Clicks the button identified by ``locator``.</doc>
<msg timestamp="20230917 20:45:22.751" level="INFO">Clicking button 'xpath=//button[contains(.,'Cadastrar')]'.</msg>
<status status="PASS" starttime="20230917 20:45:22.749" endtime="20230917 20:45:22.928"/>
</kw>
<kw name="Element Should Be Visible" library="SeleniumLibrary">
<arg>${element}</arg>
<doc>Verifies that the element identified by ``locator`` is visible.</doc>
<msg timestamp="20230917 20:45:22.992" level="INFO">Element '//span[contains(.,"Adcione um documento com foto (RG ou CHN)")]' is displayed.</msg>
<status status="PASS" starttime="20230917 20:45:22.929" endtime="20230917 20:45:22.992"/>
</kw>
<status status="PASS" starttime="20230917 20:45:22.747" endtime="20230917 20:45:22.992"/>
</kw>
<kw name="Take Screenshot" library="Screenshot">
<doc>Takes a screenshot in JPEG format and embeds it into the log file.</doc>
<msg timestamp="20230917 20:45:23.089" level="INFO" html="true">&lt;a href="screenshot_8.jpg"&gt;&lt;img src="screenshot_8.jpg" width="800px"&gt;&lt;/a&gt;</msg>
<status status="PASS" starttime="20230917 20:45:22.993" endtime="20230917 20:45:23.090"/>
</kw>
<kw name="Encerrar Sessão" library="main" type="TEARDOWN">
<kw name="Close Browser" library="SeleniumLibrary">
<doc>Closes the current browser.</doc>
<status status="PASS" starttime="20230917 20:45:23.108" endtime="20230917 20:45:25.987"/>
</kw>
<status status="PASS" starttime="20230917 20:45:23.107" endtime="20230917 20:45:25.987"/>
</kw>
<tag>TC10</tag>
<status status="PASS" starttime="20230917 20:45:13.749" endtime="20230917 20:45:25.988"/>
</test>
<doc>Suite de testes da página principal</doc>
<status status="PASS" starttime="20230917 20:43:33.726" endtime="20230917 20:45:25.990"/>
</suite>
<suite id="s1-s2" name="Home" source="C:\Users\user\Desktop\robot\walkdog-robot\tests\home.robot">
<test id="s1-s2-t1" name="WebApp deve estar online" line="10">
<kw name="Iniciar Sessão" library="main" type="SETUP">
<kw name="Open Browser" library="SeleniumLibrary">
<arg>${url}</arg>
<arg>${chrome}</arg>
<doc>Opens a new browser instance to the optional ``url``.</doc>
<msg timestamp="20230917 20:45:26.021" level="INFO">Opening browser 'chrome' to base url 'https://walkdog.vercel.app/'.</msg>
<status status="PASS" starttime="20230917 20:45:26.018" endtime="20230917 20:45:30.404"/>
</kw>
<kw name="Set Window Size" library="SeleniumLibrary">
<arg>1366</arg>
<arg>768</arg>
<doc>Sets current windows size to given ``width`` and ``height``.</doc>
<status status="PASS" starttime="20230917 20:45:30.404" endtime="20230917 20:45:30.577"/>
</kw>
<status status="PASS" starttime="20230917 20:45:26.016" endtime="20230917 20:45:30.578"/>
</kw>
<kw name="Title Should Be" library="SeleniumLibrary">
<arg>${title}</arg>
<doc>Verifies that the current page title equals ``title``.</doc>
<msg timestamp="20230917 20:45:30.694" level="INFO">Page title is 'Walkdog by Papito'.</msg>
<status status="PASS" starttime="20230917 20:45:30.607" endtime="20230917 20:45:30.694"/>
</kw>
<kw name="Page Should Contain" library="SeleniumLibrary">
<arg>Cuidado e diversão em cada passo</arg>
<doc>Verifies that current page contains ``text``.</doc>
<msg timestamp="20230917 20:45:30.769" level="INFO">Current page contains text 'Cuidado e diversão em cada passo'.</msg>
<status status="PASS" starttime="20230917 20:45:30.695" endtime="20230917 20:45:30.769"/>
</kw>
<kw name="Get Text" library="SeleniumLibrary">
<arg>css=main p</arg>
<doc>Returns the text value of the element identified by ``locator``.</doc>
<status status="PASS" starttime="20230917 20:45:30.773" endtime="20230917 20:45:30.868"/>
</kw>
<kw name="Wait Until Element Is Visible" library="SeleniumLibrary">
<arg>css=img[alt="Walkdog"]</arg>
<doc>Waits until the element ``locator`` is visible.</doc>
<status status="PASS" starttime="20230917 20:45:30.872" endtime="20230917 20:45:30.952"/>
</kw>
<kw name="Sleep" library="BuiltIn">
<arg>3s</arg>
<doc>Pauses the test executed for the given time.</doc>
<msg timestamp="20230917 20:45:33.971" level="INFO">Slept 3 seconds</msg>
<status status="PASS" starttime="20230917 20:45:30.956" endtime="20230917 20:45:33.972"/>
</kw>
<kw name="Encerrar Sessão" library="main" type="TEARDOWN">
<kw name="Close Browser" library="SeleniumLibrary">
<doc>Closes the current browser.</doc>
<status status="PASS" starttime="20230917 20:45:33.973" endtime="20230917 20:45:36.598"/>
</kw>
<status status="PASS" starttime="20230917 20:45:33.973" endtime="20230917 20:45:36.599"/>
</kw>
<status status="PASS" starttime="20230917 20:45:26.014" endtime="20230917 20:45:36.601"/>
</test>
<doc>Suite de testes da página principal</doc>
<status status="PASS" starttime="20230917 20:45:25.993" endtime="20230917 20:45:36.605"/>
</suite>
<status status="PASS" starttime="20230917 20:43:33.667" endtime="20230917 20:45:36.611"/>
</suite>
<statistics>
<total>
<stat pass="12" fail="0" skip="0">All Tests</stat>
</total>
<tag>
<stat pass="1" fail="0" skip="0">TC00</stat>
<stat pass="1" fail="0" skip="0">TC01</stat>
<stat pass="1" fail="0" skip="0">TC02</stat>
<stat pass="1" fail="0" skip="0">TC03</stat>
<stat pass="1" fail="0" skip="0">TC04</stat>
<stat pass="1" fail="0" skip="0">TC05</stat>
<stat pass="1" fail="0" skip="0">TC06</stat>
<stat pass="1" fail="0" skip="0">TC07</stat>
<stat pass="1" fail="0" skip="0">TC08</stat>
<stat pass="1" fail="0" skip="0">TC09</stat>
<stat pass="1" fail="0" skip="0">TC10</stat>
</tag>
<suite>
<stat pass="12" fail="0" skip="0" id="s1" name="Tests">Tests</stat>
<stat pass="11" fail="0" skip="0" id="s1-s1" name="Cadastro">Tests.Cadastro</stat>
<stat pass="1" fail="0" skip="0" id="s1-s2" name="Home">Tests.Home</stat>
</suite>
</statistics>
<errors>
</errors>
</robot>
