<?xml version="1.0" encoding="UTF-8"?>
<robot generator="Robot 6.0 (Python 3.10.8 on win32)" generated="20231004 18:05:08.334" rpa="false" schemaversion="3">
<suite id="s1" name="Cadastro" source="C:\Users\user\desktop\robot\walkdog-robot\tests\cadastro.robot">
<test id="s1-t1" name="TC 05 - Não deve submeter sem o nome completo" line="40">
<kw name="Iniciar Sessão" library="main" type="SETUP">
<kw name="Open Browser" library="SeleniumLibrary">
<arg>${url}</arg>
<arg>${chrome}</arg>
<doc>Opens a new browser instance to the optional ``url``.</doc>
<msg timestamp="20231004 18:05:11.514" level="INFO">Opening browser 'chrome' to base url 'https://walkdog.vercel.app/'.</msg>
<status status="PASS" starttime="20231004 18:05:11.513" endtime="20231004 18:05:16.126"/>
</kw>
<kw name="Set Window Size" library="SeleniumLibrary">
<arg>1366</arg>
<arg>768</arg>
<doc>Sets current windows size to given ``width`` and ``height``.</doc>
<status status="PASS" starttime="20231004 18:05:16.127" endtime="20231004 18:05:16.363"/>
</kw>
<status status="PASS" starttime="20231004 18:05:11.512" endtime="20231004 18:05:16.364"/>
</kw>
<kw name="Clicar em quero ser um dogwlaker" library="cadastro">
<kw name="Wait Until Element Is Visible" library="SeleniumLibrary">
<arg>${button}</arg>
<doc>Waits until the element ``locator`` is visible.</doc>
<status status="PASS" starttime="20231004 18:05:16.368" endtime="20231004 18:05:16.562"/>
</kw>
<kw name="Click Element" library="SeleniumLibrary">
<arg>${button}</arg>
<doc>Click the element identified by ``locator``.</doc>
<msg timestamp="20231004 18:05:16.567" level="INFO">Clicking element 'css=a[href="/signup"]'.</msg>
<status status="PASS" starttime="20231004 18:05:16.563" endtime="20231004 18:05:16.825"/>
</kw>
<kw name="Go To" library="SeleniumLibrary">
<arg>${signup}</arg>
<doc>Navigates the current browser window to the provided ``url``.</doc>
<msg timestamp="20231004 18:05:16.830" level="INFO">Opening url 'https://walkdog.vercel.app//signup'</msg>
<status status="PASS" starttime="20231004 18:05:16.828" endtime="20231004 18:05:17.577"/>
</kw>
<kw name="Wait Until Element Is Visible" library="SeleniumLibrary">
<arg>css=img[alt="Walkdog"]</arg>
<doc>Waits until the element ``locator`` is visible.</doc>
<status status="PASS" starttime="20231004 18:05:17.578" endtime="20231004 18:05:17.694"/>
</kw>
<status status="PASS" starttime="20231004 18:05:16.364" endtime="20231004 18:05:17.696"/>
</kw>
<kw name="Valida o titulo e subtitulo do cadastro" library="cadastro">
<kw name="Page Should Contain" library="SeleniumLibrary">
<arg>text=${title}</arg>
<doc>Verifies that current page contains ``text``.</doc>
<msg timestamp="20231004 18:05:17.764" level="INFO">Current page contains text 'Walkdog by Papito'.</msg>
<status status="PASS" starttime="20231004 18:05:17.699" endtime="20231004 18:05:17.764"/>
</kw>
<kw name="Page Should Contain" library="SeleniumLibrary">
<arg>text=${phrase}</arg>
<doc>Verifies that current page contains ``text``.</doc>
<msg timestamp="20231004 18:05:17.842" level="INFO">Current page contains text 'Use nosso aplicativo para ganhar dinheiro fazendo o que ama: cuidar de pets'.</msg>
<status status="PASS" starttime="20231004 18:05:17.766" endtime="20231004 18:05:17.842"/>
</kw>
<status status="PASS" starttime="20231004 18:05:17.696" endtime="20231004 18:05:17.844"/>
</kw>
<kw name="Preenche o email correto" library="cadastro" sourcename="Preenche o ${email} correto">
<kw name="Wait Until Element Is Visible" library="SeleniumLibrary">
<arg>css=${input_email}</arg>
<doc>Waits until the element ``locator`` is visible.</doc>
<status status="PASS" starttime="20231004 18:05:17.847" endtime="20231004 18:05:17.934"/>
</kw>
<kw name="Free Email" library="FakerLibrary">
<var>${email}</var>
<msg timestamp="20231004 18:05:17.935" level="INFO">${email} = acavalcanti@ig.com.br</msg>
<status status="PASS" starttime="20231004 18:05:17.934" endtime="20231004 18:05:17.935"/>
</kw>
<kw name="Input Text" library="SeleniumLibrary">
<arg>css=${input_email}</arg>
<arg>${email}</arg>
<doc>Types the given ``text`` into the text field identified by ``locator``.</doc>
<msg timestamp="20231004 18:05:17.938" level="INFO">Typing text 'acavalcanti@ig.com.br' into text field 'css=input[name="email"]'.</msg>
<status status="PASS" starttime="20231004 18:05:17.935" endtime="20231004 18:05:18.300"/>
</kw>
<status status="PASS" starttime="20231004 18:05:17.846" endtime="20231004 18:05:18.300"/>
</kw>
<kw name="Preenche com o cpf válido" library="cadastro" sourcename="Preenche com o ${cpf} válido">
<kw name="Wait Until Element Is Visible" library="SeleniumLibrary">
<arg>css=${input_cpf}</arg>
<doc>Waits until the element ``locator`` is visible.</doc>
<status status="PASS" starttime="20231004 18:05:18.302" endtime="20231004 18:05:18.351"/>
</kw>
<kw name="Input Text" library="SeleniumLibrary">
<arg>css=${input_cpf}</arg>
<arg>36431207025</arg>
<doc>Types the given ``text`` into the text field identified by ``locator``.</doc>
<msg timestamp="20231004 18:05:18.354" level="INFO">Typing text '36431207025' into text field 'css=input[name="cpf"]'.</msg>
<status status="PASS" starttime="20231004 18:05:18.351" endtime="20231004 18:05:18.594"/>
</kw>
<status status="PASS" starttime="20231004 18:05:18.300" endtime="20231004 18:05:18.594"/>
</kw>
<kw name="Preencher os campos de endereço do cadastro" library="cadastro">
<kw name="Preenche o &quot;CEP&quot; válido" library="cadastro" sourcename="Preenche o ${CEP} válido">
<kw name="Wait Until Element Is Visible" library="SeleniumLibrary">
<arg>css=${input_cep}</arg>
<doc>Waits until the element ``locator`` is visible.</doc>
<status status="PASS" starttime="20231004 18:05:18.596" endtime="20231004 18:05:18.640"/>
</kw>
<kw name="Catenate" library="BuiltIn">
<var>${CEP}</var>
<arg>SEPARATOR=-</arg>
<doc>Catenates the given items together and returns the resulted string.</doc>
<msg timestamp="20231004 18:05:18.641" level="INFO">${CEP} = </msg>
<status status="PASS" starttime="20231004 18:05:18.640" endtime="20231004 18:05:18.641"/>
</kw>
<kw name="Postcode" library="FakerLibrary">
<var>${CEP}</var>
<doc>Randomly returns a postcode.
:param formatted: True to allow formatted postcodes, else False (default True)
:example formatted: '41224-212' '83992-291' '12324322'
:example raw: '43920231' '34239530'</doc>
<msg timestamp="20231004 18:05:18.641" level="INFO">${CEP} = 45005722</msg>
<status status="PASS" starttime="20231004 18:05:18.641" endtime="20231004 18:05:18.641"/>
</kw>
<kw name="Input Text" library="SeleniumLibrary">
<arg>css=${input_cep}</arg>
<arg>${CEP}</arg>
<doc>Types the given ``text`` into the text field identified by ``locator``.</doc>
<msg timestamp="20231004 18:05:18.642" level="INFO">Typing text '45005722' into text field 'css=input[name="cep"]'.</msg>
<status status="PASS" starttime="20231004 18:05:18.641" endtime="20231004 18:05:18.934"/>
</kw>
<kw name="Click Button" library="SeleniumLibrary">
<arg>css=${buscar_cep}</arg>
<doc>Clicks the button identified by ``locator``.</doc>
<msg timestamp="20231004 18:05:18.937" level="INFO">Clicking button 'css=input[type="button"]'.</msg>
<status status="PASS" starttime="20231004 18:05:18.935" endtime="20231004 18:05:19.114"/>
</kw>
<kw name="Element Should Be Disabled" library="SeleniumLibrary">
<arg>css=${input_adrress}</arg>
<doc>Verifies that element identified by ``locator`` is disabled.</doc>
<status status="PASS" starttime="20231004 18:05:19.116" endtime="20231004 18:05:19.155"/>
</kw>
<kw name="Random Digit Not Null" library="FakerLibrary">
<var>${number}</var>
<doc>Generate a random non-zero digit (1 to 9).</doc>
<msg timestamp="20231004 18:05:19.156" level="INFO">${number} = 6</msg>
<status status="PASS" starttime="20231004 18:05:19.156" endtime="20231004 18:05:19.156"/>
</kw>
<kw name="Input Text" library="SeleniumLibrary">
<arg>css=${input_number}</arg>
<arg>${number}</arg>
<doc>Types the given ``text`` into the text field identified by ``locator``.</doc>
<msg timestamp="20231004 18:05:19.158" level="INFO">Typing text '6' into text field 'css=input[name="addressNumber"]'.</msg>
<status status="PASS" starttime="20231004 18:05:19.156" endtime="20231004 18:05:19.351"/>
</kw>
<kw name="Input Text" library="SeleniumLibrary">
<arg>css=${input_details}</arg>
<arg>Apto 2</arg>
<doc>Types the given ``text`` into the text field identified by ``locator``.</doc>
<msg timestamp="20231004 18:05:19.354" level="INFO">Typing text 'Apto 2' into text field 'css=input[name="addressDetails"]'.</msg>
<status status="PASS" starttime="20231004 18:05:19.352" endtime="20231004 18:05:19.630"/>
</kw>
<kw name="Element Should Be Disabled" library="SeleniumLibrary">
<arg>css=${input_district}</arg>
<doc>Verifies that element identified by ``locator`` is disabled.</doc>
<status status="PASS" starttime="20231004 18:05:19.632" endtime="20231004 18:05:19.676"/>
</kw>
<kw name="Element Should Be Disabled" library="SeleniumLibrary">
<arg>css=${input_cityUF}</arg>
<doc>Verifies that element identified by ``locator`` is disabled.</doc>
<status status="PASS" starttime="20231004 18:05:19.676" endtime="20231004 18:05:19.724"/>
</kw>
<status status="PASS" starttime="20231004 18:05:18.595" endtime="20231004 18:05:19.724"/>
</kw>
<status status="PASS" starttime="20231004 18:05:18.595" endtime="20231004 18:05:19.725"/>
</kw>
<kw name="Adicione documento para cadastro" library="cadastro">
<kw name="Choose File" library="SeleniumLibrary">
<arg>css=${input_file}</arg>
<arg>${documento}</arg>
<doc>Inputs the ``file_path`` into the file input field ``locator``.</doc>
<msg timestamp="20231004 18:05:19.728" level="INFO">Sending C:\Users\user\desktop\robot\walkdog-robot\img\images.jpeg to browser.</msg>
<status status="PASS" starttime="20231004 18:05:19.726" endtime="20231004 18:05:19.862"/>
</kw>
<status status="PASS" starttime="20231004 18:05:19.725" endtime="20231004 18:05:19.866"/>
</kw>
<kw name="Submete o cadastro" library="cadastro">
<kw name="Click Element" library="SeleniumLibrary">
<arg>${cadastrar}</arg>
<doc>Click the element identified by ``locator``.</doc>
<msg timestamp="20231004 18:05:19.872" level="INFO">Clicking element 'xpath=//button[contains(.,'Cadastrar')]'.</msg>
<status status="PASS" starttime="20231004 18:05:19.870" endtime="20231004 18:05:20.062"/>
</kw>
<status status="PASS" starttime="20231004 18:05:19.867" endtime="20231004 18:05:20.062"/>
</kw>
<kw name="Alerts have texts" library="cadastro">
<arg>Informe o seu nome completo</arg>
<kw name="Set Variable" library="BuiltIn">
<var>${element}</var>
<arg>//span[contains(.,"${expected_message}")]</arg>
<doc>Returns the given values which can then be assigned to a variables.</doc>
<msg timestamp="20231004 18:05:20.067" level="INFO">${element} = //span[contains(.,"Informe o seu nome completo")]</msg>
<status status="PASS" starttime="20231004 18:05:20.064" endtime="20231004 18:05:20.067"/>
</kw>
<kw name="Click Button" library="SeleniumLibrary">
<arg>${cadastrar}</arg>
<doc>Clicks the button identified by ``locator``.</doc>
<msg timestamp="20231004 18:05:20.070" level="INFO">Clicking button 'xpath=//button[contains(.,'Cadastrar')]'.</msg>
<status status="PASS" starttime="20231004 18:05:20.068" endtime="20231004 18:05:20.199"/>
</kw>
<kw name="Element Should Be Visible" library="SeleniumLibrary">
<arg>${element}</arg>
<doc>Verifies that the element identified by ``locator`` is visible.</doc>
<msg timestamp="20231004 18:05:20.242" level="INFO">Element '//span[contains(.,"Informe o seu nome completo")]' is displayed.</msg>
<status status="PASS" starttime="20231004 18:05:20.199" endtime="20231004 18:05:20.242"/>
</kw>
<status status="PASS" starttime="20231004 18:05:20.063" endtime="20231004 18:05:20.243"/>
</kw>
<kw name="Take Screenshot" library="Screenshot">
<doc>Takes a screenshot in JPEG format and embeds it into the log file.</doc>
<msg timestamp="20231004 18:05:20.445" level="INFO" html="true">&lt;a href="screenshot_1.jpg"&gt;&lt;img src="screenshot_1.jpg" width="800px"&gt;&lt;/a&gt;</msg>
<status status="PASS" starttime="20231004 18:05:20.243" endtime="20231004 18:05:20.445"/>
</kw>
<kw name="Encerrar Sessão" library="main" type="TEARDOWN">
<kw name="Close Browser" library="SeleniumLibrary">
<doc>Closes the current browser.</doc>
<status status="PASS" starttime="20231004 18:05:20.448" endtime="20231004 18:05:24.212"/>
</kw>
<status status="PASS" starttime="20231004 18:05:20.445" endtime="20231004 18:05:24.212"/>
</kw>
<tag>TC05</tag>
<status status="PASS" starttime="20231004 18:05:11.512" endtime="20231004 18:05:24.212"/>
</test>
<doc>Suite de testes da página principal</doc>
<status status="PASS" starttime="20231004 18:05:08.344" endtime="20231004 18:05:24.216"/>
</suite>
<statistics>
<total>
<stat pass="1" fail="0" skip="0">All Tests</stat>
</total>
<tag>
<stat pass="1" fail="0" skip="0">TC05</stat>
</tag>
<suite>
<stat pass="1" fail="0" skip="0" id="s1" name="Cadastro">Cadastro</stat>
</suite>
</statistics>
<errors>
</errors>
</robot>
