<?xml version="1.0" encoding="UTF-8"?>
<robot generator="Robot 6.0 (Python 3.10.8 on win32)" generated="20230919 17:29:06.903" rpa="false" schemaversion="3">
<suite id="s1" name="Home" source="C:\Users\user\Desktop\robot\walkdog-robot\tests\home.robot">
<test id="s1-t1" name="TC 01 - WebApp deve estar online" line="10">
<kw name="Iniciar Sessão" library="main" type="SETUP">
<kw name="Open Browser" library="SeleniumLibrary">
<arg>${url}</arg>
<arg>${chrome}</arg>
<doc>Opens a new browser instance to the optional ``url``.</doc>
<msg timestamp="20230919 17:29:08.140" level="INFO">Opening browser 'chrome' to base url 'https://walkdog.vercel.app/'.</msg>
<status status="PASS" starttime="20230919 17:29:08.139" endtime="20230919 17:29:10.686"/>
</kw>
<kw name="Set Window Size" library="SeleniumLibrary">
<arg>1366</arg>
<arg>768</arg>
<doc>Sets current windows size to given ``width`` and ``height``.</doc>
<status status="PASS" starttime="20230919 17:29:10.686" endtime="20230919 17:29:10.813"/>
</kw>
<status status="PASS" starttime="20230919 17:29:08.139" endtime="20230919 17:29:10.813"/>
</kw>
<kw name="Title Should Be" library="SeleniumLibrary">
<arg>${title}</arg>
<doc>Verifies that the current page title equals ``title``.</doc>
<msg timestamp="20230919 17:29:10.823" level="INFO">Page title is 'Walkdog by Papito'.</msg>
<status status="PASS" starttime="20230919 17:29:10.813" endtime="20230919 17:29:10.823"/>
</kw>
<kw name="Page Should Contain" library="SeleniumLibrary">
<arg>${h1}</arg>
<doc>Verifies that current page contains ``text``.</doc>
<msg timestamp="20230919 17:29:10.843" level="INFO">Current page contains text 'Cuidado e diversão em cada passo'.</msg>
<status status="PASS" starttime="20230919 17:29:10.823" endtime="20230919 17:29:10.844"/>
</kw>
<kw name="Get Text" library="SeleniumLibrary">
<arg>${text}</arg>
<doc>Returns the text value of the element identified by ``locator``.</doc>
<status status="PASS" starttime="20230919 17:29:10.844" endtime="20230919 17:29:10.872"/>
</kw>
<kw name="Wait Until Element Is Visible" library="SeleniumLibrary">
<arg>${image_dog}</arg>
<doc>Waits until the element ``locator`` is visible.</doc>
<msg timestamp="20230919 17:29:10.873" level="FAIL">Variable '${image_dog}' not found. Did you mean:
    ${image}</msg>
<status status="FAIL" starttime="20230919 17:29:10.872" endtime="20230919 17:29:10.873"/>
</kw>
<kw name="Encerrar Sessão" library="main" type="TEARDOWN">
<kw name="Close Browser" library="SeleniumLibrary">
<doc>Closes the current browser.</doc>
<status status="PASS" starttime="20230919 17:29:10.874" endtime="20230919 17:29:13.039"/>
</kw>
<status status="PASS" starttime="20230919 17:29:10.873" endtime="20230919 17:29:13.041"/>
</kw>
<tag>webapp</tag>
<status status="FAIL" starttime="20230919 17:29:08.138" endtime="20230919 17:29:13.041">Variable '${image_dog}' not found. Did you mean:
    ${image}</status>
</test>
<doc>Suite de testes da página principal</doc>
<status status="FAIL" starttime="20230919 17:29:06.906" endtime="20230919 17:29:13.042"/>
</suite>
<statistics>
<total>
<stat pass="0" fail="1" skip="0">All Tests</stat>
</total>
<tag>
<stat pass="0" fail="1" skip="0">webapp</stat>
</tag>
<suite>
<stat pass="0" fail="1" skip="0" id="s1" name="Home">Home</stat>
</suite>
</statistics>
<errors>
</errors>
</robot>
